1	172590	Jessica	Hudson	33	162 Sport Avenu	Marion	OH	10162	(012) 345-6789	740-387-2427	2008	65
2	172590	Chelsea	Spencer	23	163 Sport Avenu	Grove City	OH	10163	(012) 345-6789	614-539-7369	2008	66
3	172590	Katy	Gardner	5	164 Sport Avenu	Grove City	OH	10164	(012) 345-6789	614-871-8902	2008	67
4	172590	Kristen	Stephens	4	165 Sport Avenu	Pickerington	OH	10165	(012) 345-6789	614-575-0143	2008	67
5	172590	Amber	Payne	42	166 Sport Avenu	Pickerington	OH	10166	(012) 345-6789	614-354-4992	2008	68
6	172590	Jordan	Pierce	12	167 Sport Avenu	Thornville	OH	10167	(012) 345-6789	740-246-3998	2008	70
7	172590	Nicole	Berry	43	168 Sport Avenu	Columbus	OH	10168	(012) 345-6789	614-442-1220	2007	74
8	172590	Amy	Matthews	41	169 Sport Avenu	Newark	OH	10169	(012) 345-6789	740-366-7459	2008	74
9	172590	Sarah	Arnold	40	170 Sport Avenu	Millersburg	OH	10170	(012) 345-6789	330-674-6126	2009	74
10	170161	April	Wagner	23	171 Sport Avenu	Arkadelphia	AR	10171	(012) 345-6789	870-210-0475	2008	59
11	169168	Callie	Willis	14	172 Sport Avenu	Oregon City	OR	10172	(012) 345-6789	503.657.1840	2006	71
12	169279	Shannon	Ray	10	173 Sport Avenu	Windsor	ON	10173	(012) 345-6789	519 256 0204	2006	66
13	169279	Marissa	Watkins	24	174 Sport Avenu	Windsor	ON	10174	(012) 345-6789	519 966 5399	2006	66
14	169279	Abby	Olson	25	175 Sport Avenu	Kingsville	ON	10175	(012) 345-6789	519 326 1318	2006	70
15	169279	Amber	Carroll	21	176 Sport Avenu	LaSalle	ON	10176	(012) 345-6789	519 734 0493	2006	71
16	169279	Allison	Duncan	33	177 Sport Avenu	Windsor	ON	10177	(012) 345-6789	519 966 5520	2006	68
17	169279	Jaime	Snyder	31	178 Sport Avenu	Windsor	ON	10178	(012) 345-6789	519 966 3075	2006	67
18	169279	Brooke	Hart	5	179 Sport Avenu	Windsor	ON	10179	(012) 345-6789	519 977 5016	2006	65
19	169279	Bethanie	Cunningham	35	180 Sport Avenu	Windsor	ON	10180	(012) 345-6789	519 969 6513	2006	70
20	170416	Kaitlyn	Bradley	33	181 Sport Avenu	Fowlerville	MI	10181	(012) 345-6789	517 223 7424	2006	66
21	169462	Katie	Lane	41	182 Sport Avenu	Stowe	VT	10182	(012) 345-6789	802-253-6793	2007	67
22	169462	Jen	Andrews	24	183 Sport Avenu	Williston	VT	10183	(012) 345-6789	802-879-7706	2007	69
23	169462	Mandy	Ruiz	34	184 Sport Avenu	Vergennes	VT	10184	(012) 345-6789	802-877-9238	2007	69
24	169462	Chelsea	Harper	10	185 Sport Avenu	South Burlington	VT	10185	(012) 345-6789	802-864-6545	2007	67
25	169631	Nakia	Fox	10	186 Sport Avenu	Orangeburg	SC	10186	(012) 345-6789	803-534-8665	2007	67
26	169951	Morgan	Riley	21	187 Sport Avenu	Clarkston	MI	10187	(012) 345-6789	248-922-3227	2007	67
27	169951	Jazmine	Armstrong	2	188 Sport Avenu	Troy	MI	10188	(012) 345-6789	248-879-3376	2007	68
28	169951	Stacey	Carpenter	11	189 Sport Avenu	New Haven	MI	10189	(012) 345-6789	586-749-9421	2007	67
29	169951	Maria	Weaver	12	190 Sport Avenu	Plymouth	MI	10190	(012) 345-6789	734-459-4669	2007	69
30	169951	Sade	Greene	3	191 Sport Avenu	Auburn Hills	MI	10191	(012) 345-6789	248-332-1233	2007	67
31	169951	Lauren	Lawrence	30	192 Sport Avenu	Rochester Hills	MI	10192	(012) 345-6789	248-340-0762	2007	67
32	169951	Marie	Elliott	1	193 Sport Avenu	Macomb	MI	10193	(012) 345-6789	586-263-7236	2007	65
33	170781	Jasmine	Chavez	4	194 Sport Avenu	Detroit	MI	10194	(012) 345-6789	313-331-2717	2007	67
34	170781	Khristian	Sims	32	195 Sport Avenu	Farmington Hills	MI	10195	(012) 345-6789	248-888-0171	2007	70
35	170781	Marina	Austin	35	196 Sport Avenu	Commerce Twp	MI	10196	(012) 345-6789	248-330-4110	2007	68
36	171247	Kelsey	Peters	32	197 Sport Avenu	Lowell	MI	10197	(012) 345-6789	616-897-2893	2007	70
37	171247	Heidi	Kelley	3	198 Sport Avenu	East Grand Rapids	MI	10198	(012) 345-6789	616-954-0357	2007	66
38	171247	Vicky	Franklin	25	199 Sport Avenu	Marne	MI	10199	(012) 345-6789	616-836-4632	2007	69
39	171883	Kiara	Lawson	12	200 Sport Avenu	Raleigh	NC	10200	(012) 345-6789	919-326-2418	2007	68
40	171883	Illya	Fields	20	201 Sport Avenu	Raleigh	NC	10201	(012) 345-6789	919-852-4738	2007	66
41	170521	Veronica	Gutierrez	31	202 Sport Avenu	SOUTH HOLLAND	IL	10202	(012) 345-6789	7088899122	2007	69
42	170521	Alison	Ryan	15	203 Sport Avenu	CHICAGO	IL	10203	(012) 345-6789	7732381078	2007	71
43	170521	Katie	Schmidt	22	204 Sport Avenu	CHICAGO	IL	10204	(012) 345-6789	7737746137	2007	70
44	170521	Meshia	Carr	25	205 Sport Avenu	COUNTRY CLUB HILLS	IL	10205	(012) 345-6789	7087991793	2007	67
45	170521	Marche'	Vasquez	4	206 Sport Avenu	OAK PARK	IL	10206	(012) 345-6789	7084450928	2007	68
46	169168	Danielle	Castillo	31	207 Sport Avenu	Edmonds	WA	10207	(012) 345-6789	206.533.9565	2007	70
47	169168	Bridget	Wheeler	13	208 Sport Avenu	Portland	OR	10208	(012) 345-6789	503.234.3108	2007	69
48	169168	Ali	Chapman	24	209 Sport Avenu	Tualatin	OR	10209	(012) 345-6789	503.638.0660	2007	70
49	169279	Sierra	Oliver	20	210 Sport Avenu	Windsor	ON	10210	(012) 345-6789	519 990 2124	2007	64
50	170416	Megan	Montgomery	12	211 Sport Avenu	Brighton	MI	10211	(012) 345-6789	810 220 7998	2007	68
51	170416	Chloe	Richards	25	212 Sport Avenu	Holt	MI	10212	(012) 345-6789	517 694 8648	2007	70
52	170416	Brittany	Williamson	3	213 Sport Avenu	Brighton	MI	10213	(012) 345-6789	810 227 5979	2007	68
53	170463	Kelsey	Johnston	10	214 Sport Avenu	Dublin	OH	10214	(012) 345-6789	614-764-1680	2007	68
54	170463	Whitney	Banks	20	215 Sport Avenu	Mansfield	OH	10215	(012) 345-6789	419-524-1838	2007	68
55	170463	Raina	Meyer	1	216 Sport Avenu	Cleveland	OH	10216	(012) 345-6789	216-231-5905	2007	69
56	170463	Jessica	Bishop	23	217 Sport Avenu	Gahanna	OH	10217	(012) 345-6789	614-882-6137	2007	68
57	170720	Alison	Mccoy	30	218 Sport Avenu	Marshalltown	IA	10218	(012) 345-6789	641-753-3376	2007	69
58	170720	Courtney	Howell	20	219 Sport Avenu	Corallville	IA	10219	(012) 345-6789	319-466-9002	2007	70
59	170720	Ally	Alvarez	11	220 Sport Avenu	Iowa City	IA	10220	(012) 345-6789	319-338-6302	2007	68
60	170720	Tanaeya	Morrison	22	221 Sport Avenu	Sioux City	IA	10221	(012) 345-6789	712-255-0369	2007	69
61	171833	Christine	Hansen	1	222 Sport Avenu	Woodside	NY	10222	(012) 345-6789	718 726-8175	2007	65
62	171833	Lekesha	Fernandez	5	223 Sport Avenu	ST. Albans	NY	10223	(012) 345-6789	718 631-5176	2007	67
63	171833	Kirsten	Garza	8	224 Sport Avenu	Elmont	NY	10224	(012) 345-6789	516 775-3481	2007	70
64	171833	Adenike	Harvey	9	225 Sport Avenu	Jamaica	NY	10225	(012) 345-6789	646 342-5671	2007	71
65	171833	Mary	Little	4	226 Sport Avenu	Floral Park	NY	10226	(012) 345-6789	516 776-7363	2007	67
66	171833	Elizabeth	Burton	2	227 Sport Avenu	Woodside	NY	10227	(012) 345-6789	718 458-8151	2007	66
67	169241	Kasondra	Stanley	12	228 Sport Avenu	Davison	MI	10228	(012) 345-6789	810-653-2531	2008	68
68	169241	Janay	Nguyen	22	229 Sport Avenu	Detroit	MI	10229	(012) 345-6789	313-839-4988	2008	69
69	169241	Netta	George	4	230 Sport Avenu	Flint	MI	10230	(012) 345-6789	810-606-0365	2008	66
70	169241	Stephanie	Jacobs	20	231 Sport Avenu	Detroit	MI	10231	(012) 345-6789	313-345-3054	2008	68
71	169241	Adrian	Reid	13	232 Sport Avenu	Macomb	MI	10232	(012) 345-6789	586-549-5896	2008	66
72	169241	Trisha	Kim	10	233 Sport Avenu	Detroit	MI	10233	(012) 345-6789	313-533-2584	2008	70
73	169822	Laura	Fuller	40	234 Sport Avenu	Durand	MI	10234	(012) 345-6789	810-266-5711	2008	67
74	169822	Jenna	Lynch	22	235 Sport Avenu	Milford	MI	10235	(012) 345-6789	810-229-4999	2008	71
75	169822	Aleisha	Dean	10	236 Sport Avenu	Fenton	MI	10236	(012) 345-6789	810-750-2115	2008	66
76	169822	Jodi	Gilbert	4	237 Sport Avenu	Howell	MI	10237	(012) 345-6789	517-548-5710	2008	65
77	169822	Morgan	Garrett	34	238 Sport Avenu	Brighton	MI	10238	(012) 345-6789	810-231-3557	2008	71
78	169822	Brittany	Romero	3	239 Sport Avenu	Brighton	MI	10239	(012) 345-6789	810-229-6298	2008	67
79	169822	Genevieve	Welch	44	240 Sport Avenu	Brighton	MI	10240	(012) 345-6789	810-220-1180	2008	70
80	169822	Amy	Larson	43	241 Sport Avenu	Howell	MI	10241	(012) 345-6789	517-546-3667	2008	69
81	170468	Brielle	Frazier	21	242 Sport Avenu	West Bloomfield	MI	10242	(012) 345-6789	313-717-6904	2008	64
82	170468	Tabitha	Burke	10	243 Sport Avenu	West Bloomfield	MI	10243	(012) 345-6789	248-910-9447	2008	68
83	172074	Angela	Hanson	42	244 Sport Avenu	Oak Park	MI	10244	(012) 345-6789	2485064690	2008	69
84	172074	Brittany	Day	30	245 Sport Avenu	Inkster	MI	10245	(012) 345-6789	7344678841	2008	66
85	172074	Jayme	Mendoza	12	246 Sport Avenu	Huntington Woods	MI	10246	(012) 345-6789	2485434455	2008	64
86	172074	Tanisha	Moreno	23	247 Sport Avenu	Ferndale	MI	10247	(012) 345-6789	2483995412	2008	70
87	170583	Danisha	Bowman	2	248 Sport Avenu	CHICAGO	IL	10248	(012) 345-6789	3122259085	2008	65
88	170583	Janisha	Medina	10	249 Sport Avenu	BROADVIEW	IL	10249	(012) 345-6789	7083382708	2008	66
89	170583	Miame	Fowler	33	250 Sport Avenu	BROADVIEW	IL	10250	(012) 345-6789	7083444787	2008	71
90	170583	Imani	Brewer	13	251 Sport Avenu	CHICAGO	IL	10251	(012) 345-6789	7734881965	2008	68
91	170583	Eryn	Hoffman	41	252 Sport Avenu	GLEN CARBON	IL	10252	(012) 345-6789	6186559642	2008	71
92	169462	Katie	Carlson	14	253 Sport Avenu	Winooski	VT	10253	(012) 345-6789	802-655-4978	2008	65
93	169631	Kenyetta	Silva	30	254 Sport Avenu	Orangeburg	SC	10254	(012) 345-6789	803-536-5182	2008	68
94	169951	Paige	Pearson	4	255 Sport Avenu	Lake Orion	MI	10255	(012) 345-6789	248-693-8943	2008	66
95	171247	Maddie	Holland	35	256 Sport Avenu	Grand Rapids	MI	10256	(012) 345-6789	616-365-9423	2008	67
96	171247	Chelsea	Douglas	24	257 Sport Avenu	Lowell	MI	10257	(012) 345-6789	616-676-2674	2008	66
97	171247	Emma	Fleming	20	258 Sport Avenu	Grand Haven	MI	10258	(012) 345-6789	616-847-0783	2008	70
98	171883	Kimberlee	Jensen	10	259 Sport Avenu	Apex	NC	10259	(012) 345-6789	919-363-0087	2008	66
99	171883	Raeven	Vargas	44	260 Sport Avenu	Garner	NC	10260	(012) 345-6789	919-773-0599	2008	71
100	171883	Brittany	Byrd	3	261 Sport Avenu	Cary	NC	10261	(012) 345-6789	919-234-3975	2008	67
101	171883	Tyonna	Davidson	23	262 Sport Avenu	Cary	NC	10262	(012) 345-6789	919-234-3975	2008	69
102	171883	Crystal	Hopkins	34	263 Sport Avenu	Raleigh	NC	10263	(012) 345-6789	919-696-2553	2008	69
103	171958	Jasmine	May	20	264 Sport Avenu	Greensboro	NC	10264	(012) 345-6789	336-370-9338	2008	70
104	171958	Tonisha	Terry	11	265 Sport Avenu	High Point	NC	10265	(012) 345-6789	336-841-0242	2008	69
105	171958	Deandra	Herrera	22	266 Sport Avenu	Fayetteville	NC	10266	(012) 345-6789	910-423-1753	2008	68
106	171958	Krystin	Wade	12	267 Sport Avenu	Greensboro	NC	10267	(012) 345-6789	336-327-3343	2008	70
107	171958	Trumae	Soto	21	268 Sport Avenu	Greensboro	NC	10268	(012) 345-6789	336-358-2112	2008	69
108	171958	Talia	Walters	24	269 Sport Avenu	High Point	NC	10269	(012) 345-6789	336-454-6297	2008	69
109	171958	Keeyama	Curtis	23	270 Sport Avenu	High Point	NC	10270	(012) 345-6789	336-889-4186	2008	68
110	169279	Lauren	Neal	32	271 Sport Avenu	Windsor	ON	10271	(012) 345-6789	519 735 0023	2008	67
111	170463	Clare	Caldwell	34	272 Sport Avenu	Upper Sandusky	OH	10272	(012) 345-6789	419-294-2534	2008	71
112	170463	Alesha	Lowe	21	273 Sport Avenu	Columbus	OH	10273	(012) 345-6789	614-478-8633	2008	70
113	170720	Micha	Jennings	31	274 Sport Avenu	Cedar Rapids	IA	10274	(012) 345-6789	319-365-7774	2008	68
114	170720	Katelin	Barnett	2	275 Sport Avenu	Cedar Rapids	IA	10275	(012) 345-6789	319-363-8077	2008	67
115	171833	Kerri	Graves	6	276 Sport Avenu	Flushing	NY	10276	(012) 345-6789	718 939-3786	2008	69
119	169462	Allison	Jimenez	11	277 Sport Avenu	Shelburne	VT	10277	(012) 345-6789	802-985-2590	2010	70
122	169953	March	Horton	15	278 Sport Avenu	West Bloomfield	MI	10278	(012) 345-6789	248-661-6631	2006	66
123	172074	Morgan	Shelton	0	279 Sport Avenu	China Township	MI	10279	(012) 345-6789	8107658139	2006	65
124	172074	Brandee	Barrett	04	280 Sport Avenu	Oak Park	MI	10280	(012) 345-6789	2483993612	2006	66
125	172074	Nastashia	Obrien	21	281 Sport Avenu	Oak Park	MI	10281	(012) 345-6789	2485474030	2006	67
126	170583	Chloe	Castro	4	282 Sport Avenu	QUINCY	IL	10282	(012) 345-6789	2172288705	2006	69
127	170583	Jazzmyn	Sutton	14	283 Sport Avenu	BELLWOOD	IL	10283	(012) 345-6789	7085443621	2006	69
128	170583	Laura	Gregory	23	284 Sport Avenu	OAK BROOK TERRACE	IL	10284	(012) 345-6789	6305672981	2006	64
129	171452	Danielle	Mckinney	25	285 Sport Avenu	Philadelphia	PA	10285	(012) 345-6789	215-549-5179	2006	70
130	171883	Ashley	Lucas	42	286 Sport Avenu	Cary	NC	10286	(012) 345-6789	919-678-1327	2006	67
131	171958	Shameka	Miles	14	287 Sport Avenu	Greensboro	NC	10287	(012) 345-6789	336-389-9056	2006	68
132	172174	Courtney	Craig	1	288 Sport Avenu	Ellicott City	MD	10288	(012) 345-6789	443-676-8642	2006	61
133	172174	Tierra	Rodriquez	23	289 Sport Avenu	Ellicott City	MD	10289	(012) 345-6789	443-538-7002	2006	60
134	172174	Ervine	Chambers	25	290 Sport Avenu	Baltimore	MD	10290	(012) 345-6789	410-944-1203	2006	65
135	172174	Askeema	Holt	12	291 Sport Avenu	Baltimore	MD	10291	(012) 345-6789	410-866-3474	2006	69
136	172174	Shavon	Lambert	22	292 Sport Avenu	Catonsville	MD	10292	(012) 345-6789	717-801-9787	2006	69
137	172174	Gagrielle	Fletcher	2	293 Sport Avenu	Millers	MD	10293	(012) 345-6789	443-413-1249	2006	71
138	172174	Arika	Watts	3	294 Sport Avenu	Baltimore	MD	10294	(012) 345-6789	443-794-7791	2006	66
139	172174	Nicole	Bates	55	295 Sport Avenu	Pikesville	MD	10295	(012) 345-6789	443-250-6446	2006	71
140	172762	Sesalie	Hale	14	296 Sport Avenu	Houston	TX	10296	(012) 345-6789	281-444-6418	2006	65
141	173249	Emma	Rhodes	5	297 Sport Avenu	Lincolshire	IL	10297	(012) 345-6789	847-940-1509	2006	63
142	173267	Shlundria	Pena	35	298 Sport Avenu	Frisco	TX	10298	(012) 345-6789	(972) 377-2040	2006	65
143	170521	Tatiana	Beck	12	299 Sport Avenu	CHICAGO	IL	10299	(012) 345-6789	7733250313	2006	69
144	170521	D'Frantz	Newman	1	300 Sport Avenu	CHICAGO	IL	10300	(012) 345-6789	7733789159	2006	61
145	169118	Shannon	Haynes	31	301 Sport Avenu	Dorr	MI	10301	(012) 345-6789	616-877-0059	2006	67
146	169118	Mellisa	Mcdaniel	30	302 Sport Avenu	Grand Rapids	MI	10302	(012) 345-6789	616-485-3768	2006	70
147	169118	Brittany	Mendez	12	303 Sport Avenu	Grand Rapids	MI	10303	(012) 345-6789	616-318-5651	2006	67
148	169118	Rachel	Bush	44	304 Sport Avenu	Grand Rapids	MI	10304	(012) 345-6789	616-822-1984	2006	71
149	169118	Emily	Vaughn	40	305 Sport Avenu	Grand Rapids	MI	10305	(012) 345-6789	616-581-4635	2006	70
150	169242	Candance	Parks	32	306 Sport Avenu	Detroit	MI	10306	(012) 345-6789	313-533-4854	2006	66
151	169242	Brittni	Dawson	3	307 Sport Avenu	Detroit	MI	10307	(012) 345-6789	313-863-9687	2006	65
152	169242	Raelin	Santiago	13	308 Sport Avenu	Detroit	MI	10308	(012) 345-6789	313-933-8407	2006	67
153	169242	Shana	Norris	33	309 Sport Avenu	Detroit	MI	10309	(012) 345-6789	313-580-3002	2006	71
154	169242	Rachel	Hardy	22	310 Sport Avenu	Detroit	MI	10310	(012) 345-6789	313-622-9356	2006	70
155	169242	Tenisha	Love	35	311 Sport Avenu	Detroit	MI	10311	(012) 345-6789	313-533-2584	2006	71
156	169834	Breanna	Steele	22	312 Sport Avenu	San Diego	CA	10312	(012) 345-6789	760 458-6291	2006	69
157	170122	Teila	Curry	40	313 Sport Avenu	Mt. Morris	MI	10313	(012) 345-6789	(810) 789-0591	2006	69
158	170122	Keyanna	Powers	33	314 Sport Avenu	Flint	MI	10314	(012) 345-6789	(810) 874-6056	2006	68
159	170122	Quannika	Schultz	20	315 Sport Avenu	Flint	MI	10315	(012) 345-6789	(810) 785-1524	2006	66
160	170122	Jamilah	Barker	32	316 Sport Avenu	Saginaw	MI	10316	(012) 345-6789	(989) 399-3089	2006	69
161	170122	Shonda	Guzman	14	317 Sport Avenu	Saginaw	MI	10317	(012) 345-6789	(989) 233-2933	2006	68
162	170122	NaTasha	Page	23	318 Sport Avenu	Mt Morris	MI	10318	(012) 345-6789	810 785-5981	2006	67
163	170122	Simaria	Munoz	15	319 Sport Avenu	Mt. Morris	MI	10319	(012) 345-6789	810 701-7073	2006	65
164	170416	Chelsea	Ball	4	320 Sport Avenu	Olivet	M	10320	(012) 345-6789	269 749 9418	2006	66
165	170416	Jody	Keller	55	321 Sport Avenu	Midland	MI	10321	(012) 345-6789	989 631 6606	2006	71
166	170416	Stephanie	Chandler	23	322 Sport Avenu	South Lyon	MI	10322	(012) 345-6789	248 446 1356	2006	64
167	170454	Brittany	Weber	3	323 Sport Avenu	Flint	MI	10323	(012) 345-6789	(810)-742-6393	2006	68
168	170454	Takeya	Leonard	23	324 Sport Avenu	Flint	MI	10324	(012) 345-6789	(810)-785-9412	2006	69
169	170454	Sheria	Walsh	34	325 Sport Avenu	Flint	MI	10325	(012) 345-6789	(810) 732-6946	2006	68
170	170454	Nicole	Lyons	13	326 Sport Avenu	Flint	MI	10326	(012) 345-6789	(810)-701-1263	2006	69
171	170454	Brianna	Ramsey	25	327 Sport Avenu	Flint	MI	10327	(012) 345-6789	(810)-762-0029	2006	67
172	170615	Angle	Wolfe	12	328 Sport Avenu	waldorf	MD	10328	(012) 345-6789	240-299-6876	2006	63
173	170615	Lacretia	Schneider	5	329 Sport Avenu	Clinton	MD	10329	(012) 345-6789	301-877-3735	2006	67
174	170615	Brittney	Mullins	9	330 Sport Avenu	alexandria	VA	10330	(012) 345-6789	703-768-3680	2006	70
175	170615	Snanna	Benson	6	331 Sport Avenu	Springfield	VA	10331	(012) 345-6789	571-236-1478	2006	67
176	170930	Tara	Sharp	3	332 Sport Avenu	Battle Creek	MI	10332	(012) 345-6789	269-746-4036	2006	71
177	170930	Tara	Bowen	3	333 Sport Avenu	Battle Creek	MI	10333	(012) 345-6789	269-746-4036	2006	71
178	170930	Allison	Daniel	10	334 Sport Avenu	Webberville	MI	10334	(012) 345-6789	517-521-4832	2006	65
179	170930	Kendra	Barber	21	335 Sport Avenu	Grand Rapids	MI	10335	(012) 345-6789	616-862-1633	2006	63
180	170930	Heather	Cummings	22	336 Sport Avenu	Galien	MI	10336	(012) 345-6789	269-545-8358	2006	67
181	171313	Janet	Hines	10	337 Sport Avenu	Los Angeles	CA	10337	(012) 345-6789	310-894-3232	2006	71
182	171313	Allison	Baldwin	32	338 Sport Avenu	Los Angeles	CA	10338	(012) 345-6789	310-313-0817	2006	68
183	172213	Asia	Griffith	1	339 Sport Avenu	Milwaukee	WI	10339	(012) 345-6789	414-263-3700	2006	65
184	172213	Molly	Valdez	43	340 Sport Avenu	Cedarburg	WI	10340	(012) 345-6789	262-376-0266	2006	69
185	172490	Brittany	Hubbard	22	341 Sport Avenu	Clovis	NM	10341	(012) 345-6789	505-763-3661	2006	71
186	172957	Danielle	Salazar	13	342 Sport Avenu	Herndon	VA	10342	(012) 345-6789	(703) 742-0974	2006	65
187	173057	Kat	Reeves	13	343 Sport Avenu	Bedford	TX	10343	(012) 345-6789	214-673-0524	2006	65
188	173234	Kelly	Warner	13	344 Sport Avenu	lake mary	FL	10344	(012) 345-6789	407-595-1073	2006	69
189	173253	Eja	Stevenson	2	345 Sport Avenu	Chatsworth	CA	10345	(012) 345-6789	818-885-1161	2006	64
190	173326	Shawntavia	Burgess	34	346 Sport Avenu	Indianapolis	IN	10346	(012) 345-6789	317-891-0952	2006	71
191	173326	Tiersa	Santos	53	347 Sport Avenu	Indianapolis	IN	10347	(012) 345-6789	317-299-3064	2006	66
192	173326	Lia	Tate	5	348 Sport Avenu	Indianapolis	IN	10348	(012) 345-6789	317-557-3336	2006	62
193	169953	Ciera	Cross	31	349 Sport Avenu	Detroit	MI	10349	(012) 345-6789	313-218-4341	2007	66
194	172906	Reneishia	Garner	23	350 Sport Avenu	Lansing	MI	10350	(012) 345-6789	517-484-7985	2007	68
195	169115	Devon	Mann	15	351 Sport Avenu	Chandler	AZ	10351	(012) 345-6789	480-699-6752	2007	68
196	169435	Ashley	Mack	33	352 Sport Avenu	Greensburg	PA	10352	(012) 345-6789	724-832-9736	2007	71
197	169435	Erica	Moss	21	353 Sport Avenu	Pittsburgh	PA	10353	(012) 345-6789	412-884-5381	2007	68
198	169452	Gloria	Thornton	15	354 Sport Avenu	West Memphis	AR	10354	(012) 345-6789	9018495665	2007	67
199	169452	Nykita	Dennis	05	355 Sport Avenu	Lexa	AR	10355	(012) 345-6789	8705724312	2007	65
200	169452	Ashley	Mcgee	24	356 Sport Avenu	Little Rock	AR	10356	(012) 345-6789	5018685006	2007	69
201	169452	Vasha	Farmer	10	357 Sport Avenu	Little Rock	AR	10357	(012) 345-6789	5015681221	2007	69
202	169452	Fareedah	Delgado	23	358 Sport Avenu	Forrest City	AR	10358	(012) 345-6789	8704944801	2007	70
203	169452	Sarah	Aguilar	11	359 Sport Avenu	Little Rock	AR	10359	(012) 345-6789	5018212703	2007	70
204	169631	Marsha	Vega	4	360 Sport Avenu	Orangeburg	SC	10360	(012) 345-6789	803 531-3168	2007	61
205	169631	Briana	Glover	41	361 Sport Avenu	Irmo	SC	10361	(012) 345-6789	803-781-6602	2007	70
206	169631	Katrina	Manning	40	362 Sport Avenu	Hopkins	SC	10362	(012) 345-6789	803 783-1282	2007	66
207	169903	Victoria	Cohen	25	363 Sport Avenu	Broad Brook	CT	10363	(012) 345-6789	860-623-7203	2007	71
208	169903	Jhenel	Harmon	10	364 Sport Avenu	Windsor	CT	10364	(012) 345-6789	860-688-3901	2007	68
209	169903	Kristin	Rodgers	15	365 Sport Avenu	Tolland	CT	10365	(012) 345-6789	860-875-8969	2007	67
210	169903	Amanda	Robbins	44	366 Sport Avenu	Plainville	CT	10366	(012) 345-6789	860-793-8580	2007	70
211	169903	Brittany	Newton	3	367 Sport Avenu	Windsor Locks	CT	10367	(012) 345-6789	860-627-0788	2007	67
212	169912	Epiphany	Todd	32	368 Sport Avenu	Charlotte	NC	10368	(012) 345-6789	704 563-8521	2007	68
213	169913	Tiffany	Blair	24	369 Sport Avenu	Columbia	MD	10369	(012) 345-6789	410-740-0262	2007	66
214	169913	Kelsey	Higgins	30	370 Sport Avenu	Ellicott City	MD	10370	(012) 345-6789	410-531-3283	2007	69
215	169913	TaNika	Ingram	3	371 Sport Avenu	Baltimore	MD	10371	(012) 345-6789	410-644-7076	2007	66
216	169913	Sara	Reese	35	372 Sport Avenu	Columbia	MD	10372	(012) 345-6789	410-730-6628	2007	71
217	169913	Dawnnae	Cannon	32	373 Sport Avenu	Baltimore	MD	10373	(012) 345-6789	410-483-5444	2007	70
218	169913	Candice	Strickland	13	374 Sport Avenu	Baltimore	MD	10374	(012) 345-6789	410-466-1387	2007	65
219	169913	Lakisha	Townsend	20	375 Sport Avenu	Baltimore	MD	10375	(012) 345-6789	410-539-0867	2007	68
220	169913	Jennifer	Potter	54	376 Sport Avenu	Baltimore	MD	10376	(012) 345-6789	410-747-0374	2007	70
221	170114	Larressia	Goodwin	33	377 Sport Avenu	Memphis	TN	10377	(012) 345-6789	901-371-8646	2007	69
222	170114	Lauren	Walton	22	378 Sport Avenu	Memphis	TN	10378	(012) 345-6789	901-942-2629	2007	68
223	170114	Kenyatta	Rowe	3	379 Sport Avenu	Memphis	TN	10379	(012) 345-6789	901-490-1423	2007	65
224	170114	Britney	Hampton	5	380 Sport Avenu	Brownsville	TN	10380	(012) 345-6789	731-780-4422	2007	68
225	170114	Ashley	Ortega	23	381 Sport Avenu	Memphis	TN	10381	(012) 345-6789	901-299-2049	2007	65
226	170114	Fredrica	Patton	34	382 Sport Avenu	Memphis	TN	10382	(012) 345-6789	901-789-6083	2007	67
227	170114	Jamesha	Swanson	14	383 Sport Avenu	Somerville	TN	10383	(012) 345-6789	901-465-8173	2007	68
228	170161	Brianna	Joseph	30	384 Sport Avenu	Little Rock	AR	10384	(012) 345-6789	501-240-6617	2007	69
229	170161	Keshianna	Francis	50	385 Sport Avenu	Wynne	AR	10385	(012) 345-6789	870-238-8006	2007	71
230	170161	Lakeshia	Goodman	40	386 Sport Avenu	Dumas	AR	10386	(012) 345-6789	870-382-2723	2007	67
231	170161	Clevlon	Maldonado	34	387 Sport Avenu	McGhee	AR	10387	(012) 345-6789	870-718-3953	2007	66
232	170781	Kristina	Yates	24	388 Sport Avenu	West Bloomfield	MI	10388	(012) 345-6789	248-851-5076	2007	70
233	170781	Charmane	Becker	40	389 Sport Avenu	Detroit	MI	10389	(012) 345-6789	313-659-2154	2007	70
234	170781	Cheryl	Erickson	10	390 Sport Avenu	Farmington Hills	MI	10390	(012) 345-6789	248-539-4682	2007	70
235	170781	Chelcea	Hodges	22	391 Sport Avenu	Detroit	MI	10391	(012) 345-6789	313-837-3224	2007	68
236	170781	Lonnie	Rios	21	392 Sport Avenu	Detroit	MI	10392	(012) 345-6789	313-838-2464	2007	71
237	170781	Kara	Conner	12	393 Sport Avenu	Gross Point Park	MI	10393	(012) 345-6789	313-882-5613	2007	68
238	170933	Bianca	Adkins	21	394 Sport Avenu	Detroit	MI	10394	(012) 345-6789	313-581-0026	2007	68
239	170933	Candace	Webster	11	395 Sport Avenu	Warren	MI	10395	(012) 345-6789	586-558-3032	2007	67
240	170933	Allison	Norman	10	396 Sport Avenu	Sandusky	MI	10396	(012) 345-6789	810-648-3404	2007	68
241	170933	Tanika	Malone	23	397 Sport Avenu	Saginaw	MI	10397	(012) 345-6789	989-777-8588	2007	69
242	170933	Elissa	Hammond	13	398 Sport Avenu	Lansing	MI	10398	(012) 345-6789	517-394-6457	2007	70
243	170933	Tiffany	Flowers	3	399 Sport Avenu	Saginaw	MI	10399	(012) 345-6789	989-752-3765	2007	67
244	170933	Andrecia	Cobb	12	400 Sport Avenu	Wyoming	MI	10400	(012) 345-6789	616-246-6524	2007	67
245	170933	Elizabeth	Moody	53	401 Sport Avenu	Saginaw	MI	10401	(012) 345-6789	989-792-9242	2007	71
246	171100	Sarah	Quinn	32	402 Sport Avenu	Indianapolis	IN	10402	(012) 345-6789	317-889-1370	2007	70
247	171100	Katie	Blake	21	403 Sport Avenu	Indianapolis	IN	10403	(012) 345-6789	317-862-9363	2007	71
248	171100	Megan	Maxwell	24	404 Sport Avenu	Fort Wayne	IN	10404	(012) 345-6789	260-456-5464	2007	71
249	171100	Rashida	Pope	3	405 Sport Avenu	Fort Wayne	IN	10405	(012) 345-6789	260-447-7374	2007	66
250	171100	Shelby	Floyd	15	406 Sport Avenu	Columbus	IN	10406	(012) 345-6789	812-342-0124	2007	71
251	171100	Stephanie	Osborne	20	407 Sport Avenu	Plainfield	IN	10407	(012) 345-6789	317-839-0063	2007	70
252	171100	Corie	Paul	4	408 Sport Avenu	New Castle	IN	10408	(012) 345-6789	765-521-8486	2007	65
253	171452	Cynthia	Mccarthy	5	409 Sport Avenu	Philadelphia	PA	10409	(012) 345-6789	215-474-7506	2007	63
254	171452	Jasmine	Guerrero	31	410 Sport Avenu	Camden	NJ	10410	(012) 345-6789	856-831-3080	2007	66
255	171452	Quaderah	Lindsey	24	411 Sport Avenu	Philadelphia	PA	10411	(012) 345-6789	215-743-1721	2007	70
256	171452	Misha	Estrada	4	412 Sport Avenu	Wyncote	PA	10412	(012) 345-6789	215-885-2458	2007	65
257	171452	Brittany	Sandoval	22	413 Sport Avenu	Philadelphia	PA	10413	(012) 345-6789	215-548-8938	2007	67
258	171452	Keisha	Gibbs	3	414 Sport Avenu	Philadelphia	PA	10414	(012) 345-6789	215-704-4033	2007	63
259	171452	Vidalina	Tyler	10	415 Sport Avenu	Philadelphia	PA	10415	(012) 345-6789	215-765-4598	2007	66
260	171466	Jennifer	Gross	30	416 Sport Avenu	Siler City	NC	10416	(012) 345-6789	919-548-1085	2007	68
261	171466	Jasmin	Fitzgerald	24	417 Sport Avenu	Greensboro	NC	10417	(012) 345-6789	336-854-0016	2007	68
262	171466	Amber	Stokes	25	418 Sport Avenu	Lewisville	NC	10418	(012) 345-6789	336-945-4316	2007	67
263	171466	Kayla	Doyle	10	419 Sport Avenu	Walnut Cove	NC	10419	(012) 345-6789	336-591-7520	2007	68
264	171653	Chantiyana	Sherman	10	420 Sport Avenu	South Plainfield	NJ	10420	(012) 345-6789	908-791-1058	2007	71
265	171653	Danielle	Saunders	15	421 Sport Avenu	Irvington	NJ	10421	(012) 345-6789	973-373-7746	2007	70
266	171653	Courtney	Wise	25	422 Sport Avenu	North Arlington	NJ	10422	(012) 345-6789	201-955-0284	2007	67
267	171653	Leana	Colon	2	423 Sport Avenu	Elmwood Park	NJ	10423	(012) 345-6789	201-794-2091	2007	66
268	171653	Courtney	Gill	32	424 Sport Avenu	Cedar Grove	NJ	10424	(012) 345-6789	973-239-2085	2007	71
269	171653	Martyna	Alvarado	3	425 Sport Avenu	Kearny	NJ	10425	(012) 345-6789	201-246-4657	2007	69
270	171653	Tiffany	Greer	40	426 Sport Avenu	South Plainfield	NJ	10426	(012) 345-6789	908-222-2640	2007	71
271	171732	Olivia	Padilla	5	427 Sport Avenu	Mount Airy	NC	10427	(012) 345-6789	336-789-4987	2007	68
272	171756	Brooke	Simon	11	428 Sport Avenu	West Point	IN	10428	(012) 345-6789	765 572-2281	2007	67
273	171782	Braelinn	Waters	21	429 Sport Avenu	Hickory	NC	10429	(012) 345-6789	828-294-4832	2007	71
274	171782	Kristen	Nunez	00	430 Sport Avenu	Granite Falls	NC	10430	(012) 345-6789	828-396-5495	2007	67
275	171782	Kirsten	Ballard	20	431 Sport Avenu	Hickory	NC	10431	(012) 345-6789	828-441-1038	2007	70
276	171782	Keeyauna	Schwartz	3	432 Sport Avenu	Hickory	NC	10432	(012) 345-6789	828-328-8813	2007	68
277	171782	Amber	Mcbride	34	433 Sport Avenu	Fairview	NC	10433	(012) 345-6789	828-628-4418	2007	67
278	171782	Heather	Houston	22	434 Sport Avenu	Morganton	NC	10434	(012) 345-6789	828-205-1930	2007	65
279	171782	Chelsee	Christensen	30	435 Sport Avenu	Hickory	NC	10435	(012) 345-6789	828-327-0060	2007	69
280	171782	Keya	Klein	32	436 Sport Avenu	Hickory	NC	10436	(012) 345-6789	828-328-6374	2007	69
281	171804	Elle	Pratt	4	437 Sport Avenu	Franklin	MA	10437	(012) 345-6789	508-528-8932	2007	71
282	171804	Rashanda	Briggs	33	438 Sport Avenu	Canton	MA	10438	(012) 345-6789	781-821-2538	2007	71
283	171804	Meredith	Parsons	21	439 Sport Avenu	Westerly	RI	10439	(012) 345-6789	401-596-3494	2007	67
284	171804	Emma	Mclaughlin	5	440 Sport Avenu	Little Compton	RI	10440	(012) 345-6789	401-635-8864	2007	71
285	171883	Shircola	Zimmerman	21	441 Sport Avenu	Raleigh	NC	10441	(012) 345-6789	919-755-4272	2007	68
286	171976	Karen	French	3	442 Sport Avenu	Elizabeth	IN	10442	(012) 345-6789	812-969-2600	2007	64
287	171976	Jill	Buchanan	51	443 Sport Avenu	Jasper	IN	10443	(012) 345-6789	812-482-5183	2007	68
288	172003	Tiffany	Moran	23	444 Sport Avenu	Slidell	LA	10444	(012) 345-6789	985-643-4041	2007	69
289	172003	Lyndra	Copeland	44	445 Sport Avenu	Lafayette	LA	10445	(012) 345-6789	337-234-5362	2007	69
290	172003	Sarah	Roy	55	446 Sport Avenu	Slidell	LA	10446	(012) 345-6789	985-649-7620	2007	71
291	172003	Shayla	Pittman	15	447 Sport Avenu	Gonzales	LA	10447	(012) 345-6789	225-474-8165	2007	66
292	172003	Ariana	Brady	54	448 Sport Avenu	Biloxi	MS	10448	(012) 345-6789	228-392-9230	2007	65
293	172003	Caitlin	Mccormick	13	449 Sport Avenu	Kenner	LA	10449	(012) 345-6789	504-468-3790	2007	69
294	172003	Randi	Holloway	40	450 Sport Avenu	LaPlace	LA	10450	(012) 345-6789	225-869-0085	2007	66
295	172003	Adrienne	Brock	42	451 Sport Avenu	Franklin	LA	10451	(012) 345-6789	337-828-2955	2007	71
296	172003	Brittany	Poole	21	452 Sport Avenu	Metairie	LA	10452	(012) 345-6789	504-833-4854	2007	68
297	172050	Rashedah	Frank	12	453 Sport Avenu	Brooklyn	NY	10453	(012) 345-6789	(718)755-5524	2007	68
298	172050	Whitney	Logan	35	454 Sport Avenu	Hunington	NY	10454	(012) 345-6789	631-326-7264	2007	71
299	172050	Regina	Owen	21	455 Sport Avenu	New York	NY	10455	(012) 345-6789	212-678-0180	2007	67
300	172051	Janae	Bass	5	456 Sport Avenu	New High Park	NY	10456	(012) 345-6789	718-465-7626	2007	69
301	172051	Tasha	Marsh	2	457 Sport Avenu	Bronx	NY	10457	(012) 345-6789	(347)256-4371	2007	68
302	172051	Ashley	Drake	4	458 Sport Avenu	North Babylon	NY	10458	(012) 345-6789	631-643-5006	2007	64
303	172051	Jasmine	Wong	34	459 Sport Avenu	Bronx	NY	10459	(012) 345-6789	646-642-4665	2007	69
304	172174	Lauren	Jefferson	5	460 Sport Avenu	Pikesville	MD	10460	(012) 345-6789	443-790-1699	2007	65
305	172308	Maria	Park	13	461 Sport Avenu	Dublin	OH	10461	(012) 345-6789	614-766-5231	2007	68
306	172308	Kate	Morton	42	462 Sport Avenu	Loveland	OH	10462	(012) 345-6789	513-583-5045	2007	68
307	172308	Melissa	Abbott	32	463 Sport Avenu	West Chester	OH	10463	(012) 345-6789	513-755-2188	2007	63
308	172308	Missy	Sparks	3	464 Sport Avenu	Blanchester	OH	10464	(012) 345-6789	937-783-5428	2007	66
309	172362	Nique	Patrick	4	465 Sport Avenu	Olive Branch	MS	10465	(012) 345-6789	662-890-0988	2007	66
310	172362	Amy	Norton	3	466 Sport Avenu	Memphis	TN	10466	(012) 345-6789	901-278-7936	2007	67
311	172362	Anna	Huff	11	467 Sport Avenu	McKenzie	TN	10467	(012) 345-6789	731-694-9169	2007	68
312	172470	Milan	Clayton	13	468 Sport Avenu	Detroit	MI	10468	(012) 345-6789	313-318-0801	2007	68
313	172470	Christina	Massey	15	469 Sport Avenu	Detroit	MI	10469	(012) 345-6789	313-521-7291	2007	68
314	172470	Joi	Lloyd	3	470 Sport Avenu	Farmington Hills	MI	10470	(012) 345-6789	248-476-7066	2007	68
315	172470	Keyandra	Figueroa	10	471 Sport Avenu	Detroit	MI	10471	(012) 345-6789	313-372-9717	2007	63
316	172470	She'Nia	Carson	1	472 Sport Avenu	Detroit	MI	10472	(012) 345-6789	313-835-0204	2007	63
317	172480	Amy	Bowers	24	473 Sport Avenu	Apex	NC	10473	(012) 345-6789	(919) 387-3735	2007	70
318	172480	Shani	Roberson	22	474 Sport Avenu	Cary	NC	10474	(012) 345-6789	(919) 387-0807	2007	68
319	172480	Brittany	Barton	45	475 Sport Avenu	Holly Springs	NC	10475	(012) 345-6789	(919) 557-8232	2007	71
320	172480	Emili	Tran	21	476 Sport Avenu	Apex	NC	10476	(012) 345-6789	(919) 363-0337	2007	68
321	172480	Paige	Lamb	1	477 Sport Avenu	Raleigh	NC	10477	(012) 345-6789	(919) 217-9849	2007	64
322	172502	Megan	Harrington	23	478 Sport Avenu	Fairmont	MN	10478	(012) 345-6789	507-235-9412	2007	69
323	172502	Whitney	Casey	22	479 Sport Avenu	New Prague	MN	10479	(012) 345-6789	952-758-2334	2007	70
324	172502	Joelle	Boone	25	480 Sport Avenu	Lino Lakes	MN	10480	(012) 345-6789	651-486-8905	2007	68
325	172605	Stacey	Cortez	10	481 Sport Avenu	Woodstock	GA	10481	(012) 345-6789	770-928-4637	2007	66
326	172605	Colette	Clarke	23	482 Sport Avenu	Atlanta	GA	10482	(012) 345-6789	404-344-2428	2007	69
327	172605	Samantha	Mathis	2	483 Sport Avenu	Acworth	GA	10483	(012) 345-6789	678-445-3217	2007	66
328	172605	Danielle	Singleton	15	484 Sport Avenu	Atlanta	GA	10484	(012) 345-6789	404-399-8232	2007	69
329	172605	Kristin	Wilkins	22	485 Sport Avenu	Canton	GA	10485	(012) 345-6789	770-720-9696	2007	67
330	172707	Samantha	Cain	1	486 Sport Avenu	Southfield	MI	10486	(012) 345-6789	248-443-2197	2007	63
331	172707	Laura	Bryan	12	487 Sport Avenu	Plymouth	MI	10487	(012) 345-6789	734-453-8551	2007	67
332	172707	Emily	Underwood	2	488 Sport Avenu	W. Bloomfield	MI	10488	(012) 345-6789	248-539-1914	2007	67
333	172707	Tavelyn	Hogan	11	489 Sport Avenu	Detroit	MI	10489	(012) 345-6789	313-541-2354	2007	64
334	172707	Chantel	Mckenzie	13	490 Sport Avenu	Dexter	MI	10490	(012) 345-6789	734-424-9465	2007	67
335	172707	Brandi	Collier	5	491 Sport Avenu	Inkster	MI	10491	(012) 345-6789	313-730-9722	2007	68
336	172707	Tayler	Luna	23	492 Sport Avenu	Canton	MI	10492	(012) 345-6789	734-397-3818	2007	68
337	172707	Taylor	Phelps	3	493 Sport Avenu	Belleville	MI	10493	(012) 345-6789	734-482-4464	2007	63
338	172707	Ja'Nee	Mcguire	11	494 Sport Avenu	Canton	MI	10494	(012) 345-6789	734-844-3998	2007	68
339	172707	Abigail	Allison	40	495 Sport Avenu	North Street	MI	10495	(012) 345-6789	810-385-7718	2007	70
340	172739	Amandi	Bridges	24	496 Sport Avenu	Valencia	CA	10496	(012) 345-6789	661-254-8744	2007	68
341	172739	Jessica	Wilkerson	1	497 Sport Avenu	Canyon Country	CA	10497	(012) 345-6789	661-252-0692	2007	70
342	172739	Lauren	Nash	21	498 Sport Avenu	Pomona	CA	10498	(012) 345-6789	909-596-0525	2007	66
343	172739	Lauren	Summers	3	499 Sport Avenu	Agoura Hills	CA	10499	(012) 345-6789	818-991-8973	2007	67
344	172748	Dana	Atkins	1	500 Sport Avenu	Lithonia	GA	10500	(012) 345-6789	770-484-3417	2007	64
345	172748	Kanita	Wilcox	53	501 Sport Avenu	Fairburn	GA	10501	(012) 345-6789	770-306-8544	2007	69
346	172748	Morgan	Pitts	34	502 Sport Avenu	Cumming	GA	10502	(012) 345-6789	770-205-2661	2007	66
347	172748	Amanda	Conley	20	503 Sport Avenu	Snellville	GA	10503	(012) 345-6789	770-979-6523	2007	71
348	172748	Amy	Marquez	30	504 Sport Avenu	Roswell	GA	10504	(012) 345-6789	770-518-9407	2007	68
349	172748	Kiara	Burnett	50	505 Sport Avenu	Lawrenceville	GA	10505	(012) 345-6789	770-237-8567	2007	67
350	172748	Tierra	Richard	40	506 Sport Avenu	Gainesville	GA	10506	(012) 345-6789	770-297-0174	2007	70
351	172755	Dana	Cochran	24	507 Sport Avenu	Sterling Heights	MI	10507	(012) 345-6789	586-268-2096	2007	68
352	172755	Breanne	Chase	31	508 Sport Avenu	Sterling Heights	MI	10508	(012) 345-6789	586-532-4289	2007	71
353	172755	Erika	Davenport	54	509 Sport Avenu	Macomb	MI	10509	(012) 345-6789	586-228-5711	2007	68
354	172755	Joz	Hood	5	510 Sport Avenu	Clinton Twp	MI	10510	(012) 345-6789	586-943-6491	2007	66
355	172755	Emily	Gates	10	511 Sport Avenu	Sterling Heights	MI	10511	(012) 345-6789	586-739-2708	2007	67
356	172762	Courtney	Clay	42	512 Sport Avenu	Houston	TX	10512	(012) 345-6789	713-450-2094	2007	69
357	172762	Ausha	Ayala	22	513 Sport Avenu	Houston	TX	10513	(012) 345-6789	281-556-5657	2007	66
358	172762	Meaghan	Sawyer	25	514 Sport Avenu	Houston	TX	10514	(012) 345-6789	832-282-8418	2007	66
359	172762	Jessica	Roman	10	515 Sport Avenu	Missouri City	TX	10515	(012) 345-6789	281-208-5300	2007	65
360	172766	Marion	Vazquez	4	516 Sport Avenu	Missouri City	TX	10516	(012) 345-6789	832-419-1541	2007	71
361	172766	Tiffany	Dickerson	20	517 Sport Avenu	Cypress	TX	10517	(012) 345-6789	281-304-1802	2007	67
362	172766	Shanese	Hodge	21	518 Sport Avenu	Katy	TX	10518	(012) 345-6789	281-656-2594	2007	67
363	172771	Brandi	Acosta	15	519 Sport Avenu	Chattanooga	TN	10519	(012) 345-6789	893-5045	2007	66
364	172771	Kara Beth	Flynn	20	520 Sport Avenu	Knoxville	TN	10520	(012) 345-6789	(865)966-0620	2007	70
365	172771	Carly	Espinoza	5	521 Sport Avenu	Lookout Mountain	GA	10521	(012) 345-6789	(706) 820-0740	2007	71
366	172771	Cenean	Nicholson	10	522 Sport Avenu	Lookout Mountian	TN	10522	(012) 345-6789	(423) 822-0155	2007	66
367	172771	Denean	Monroe	42	523 Sport Avenu	Lookout Mountian	TN	10523	(012) 345-6789	(423) 822-0155	2007	71
368	172881	Cierra	Wolf	4	524 Sport Avenu	Windsor	CT	10524	(012) 345-6789	860-688-5193	2007	70
369	172881	Jolene	Morrow	13	525 Sport Avenu	East Longmeadow	MA	10525	(012) 345-6789	413-525-9199	2007	65
370	172881	Heather	Kirk	1	526 Sport Avenu	Seymour	CT	10526	(012) 345-6789	203-736-9310	2007	68
371	172881	Kelly	Randall	11	527 Sport Avenu	Westport	CT	10527	(012) 345-6789	203-227-3905	2007	70
372	172881	Taylor	Anthony	3	528 Sport Avenu	Norwalk	CT	10528	(012) 345-6789	203-829-6652	2007	69
373	172930	Jenna	Whitaker	00	529 Sport Avenu	Franklin	TN	10529	(012) 345-6789	615-838-6099	2007	69
374	172930	Staci	Oconnor	35	530 Sport Avenu	Nashville	TN	10530	(012) 345-6789	615-500-0679	2007	69
375	172930	Erica	Skinner	20	531 Sport Avenu	Brentwood	TN	10531	(012) 345-6789	615-776-7971	2007	70
376	172930	Laura	Ware	30	532 Sport Avenu	Nashville	TN	10532	(012) 345-6789	615-513-8268	2007	71
377	173028	Victoria	Molina	10	533 Sport Avenu	Cincinnati	OH	10533	(012) 345-6789	513-469-7570	2007	68
378	173028	Lindsey	Kirby	14	534 Sport Avenu	Cincinnati	OH	10534	(012) 345-6789	513-561-8514	2007	69
379	173028	Sydney	Huffman	3	535 Sport Avenu	cincinnati	OH	10535	(012) 345-6789	513-281-2178	2007	67
380	173028	Mercury	Bradford	15	536 Sport Avenu	hamilton	OH	10536	(012) 345-6789	513-642-5790	2007	71
381	173028	Shamaiah	Charles	33	537 Sport Avenu	hamilton	OH	10537	(012) 345-6789	513-896-7795	2007	69
382	173055	Cameo	Gilmore	4	538 Sport Avenu	jensen beach	FL	10538	(012) 345-6789	772-692-1158	2007	69
383	173055	Alexandria	Dominguez	24	539 Sport Avenu	Jacksonville	FL	10539	(012) 345-6789	407- 924-1950	2007	71
384	173069	Avery	Oneal	14	540 Sport Avenu	Cincinnati	OH	10540	(012) 345-6789	513-271-8808	2007	67
385	173069	Jessica	Bruce	25	541 Sport Avenu	Cincinnati	OH	10541	(012) 345-6789	513-851-0106	2007	68
386	173069	Sarah	Lang	30	542 Sport Avenu	Cincinnati	OH	10542	(012) 345-6789	513-321-3224	2007	71
387	173069	Brittany	Combs	15	543 Sport Avenu	Erlanger	KY	10543	(012) 345-6789	859-727-2482	2007	65
388	173069	Emily	Kramer	3	544 Sport Avenu	Cincinnati	OH	10544	(012) 345-6789	513-231-6007	2007	67
389	173069	Kelley	Heath	23	545 Sport Avenu	Milford	OH	10545	(012) 345-6789	513-752-5442	2007	66
390	173076	Tamonica	Hancock	34	546 Sport Avenu	Springfield	VA	10546	(012) 345-6789	703-921-3889	2007	71
391	173076	Alexandra (Allie)	Gallagher	22	547 Sport Avenu	Burke	VA	10547	(012) 345-6789	703-323-0460	2007	70
392	173076	Diamond	Gaines	12	548 Sport Avenu	Alexandria	VA	10548	(012) 345-6789	703-799-1101	2007	69
393	173076	Karimah	Shaffer	35	549 Sport Avenu	Lorton	VA	10549	(012) 345-6789	703-878-7040	2007	66
394	173076	Mikala	Short	30	550 Sport Avenu	Burke	VA	10550	(012) 345-6789	703-425-7257	2007	66
395	173076	Tia	Wiggins	24	551 Sport Avenu	Alexandria	VA	10551	(012) 345-6789	703-924-0278	2007	66
396	173076	Gretchen	Mathews	14	552 Sport Avenu	Fairfax Station	VA	10552	(012) 345-6789	703-250-5962	2007	68
397	173207	Clarisse	Mcclain	33	553 Sport Avenu	Hayward	CA	10553	(012) 345-6789	510-885-0564	2007	68
398	173207	Cuyla	Fischer	23	554 Sport Avenu	Brentwood	CA	10554	(012) 345-6789	925-240-9063	2007	67
399	173207	Gianna	Wall	14	555 Sport Avenu	Byron	CA	10555	(012) 345-6789	925-584-8299	2007	69
400	173207	Monique	Small	3	556 Sport Avenu	Tracy	CA	10556	(012) 345-6789	209-833-1969	2007	68
401	173207	Christin	Melton	4	557 Sport Avenu	Manteca	CA	10557	(012) 345-6789	209-823-8258	2007	68
402	173207	Kendall	Hensley	5	558 Sport Avenu	Carmel	CA	10558	(012) 345-6789	831-626-0636	2007	67
403	173207	Erika	Bond	1	559 Sport Avenu	Vallejo	CA	10559	(012) 345-6789	707-640-6451	2007	66
404	173222	Marissa	Dyer	5	560 Sport Avenu	Brooklyn	NY	10560	(012) 345-6789	718 564 0336	2007	66
405	173222	Kamel	Cameron	42	561 Sport Avenu	Brooklyn	NY	10561	(012) 345-6789	718 451 5350	2007	70
406	173222	Esmeralda	Grimes	12	562 Sport Avenu	Brooklyn	NY	10562	(012) 345-6789	347 432 6538	2007	69
407	173222	Charmonique	Contreras	33	563 Sport Avenu	Brooklyn	NY	10563	(012) 345-6789	917 213 0932	2007	68
408	173232	Ashley	Christian	5	564 Sport Avenu	St.Pete	FL	10564	(012) 345-6789	727-867-7162	2007	65
409	173240	Abigail	Wyatt	3	565 Sport Avenu	Wirtz	VA	10565	(012) 345-6789	540-721-4855	2007	68
410	173240	Morgan	Baxter	4	566 Sport Avenu	Salem	VA	10566	(012) 345-6789	540-389-2501	2007	67
411	173240	Sydney	Snow	25	567 Sport Avenu	Narrows	VA	10567	(012) 345-6789	540-599-7032	2007	70
412	173240	Tamara	Mosley	14	568 Sport Avenu	Roanoke	VA	10568	(012) 345-6789	540-992-4872	2007	67
413	173240	Nicole	Shepherd	30	569 Sport Avenu	Salem	VA	10569	(012) 345-6789	540-389-0599	2007	68
414	173240	Sami Jo	Larsen	33	570 Sport Avenu	Covington	VA	10570	(012) 345-6789	540-862-4448	2007	68
415	173240	Morgan	Hoover	12	571 Sport Avenu	Roanoke	VA	10571	(012) 345-6789	540-725-3667	2007	66
416	173240	Adrienne	Beasley	44	572 Sport Avenu	Floyd	VA	10572	(012) 345-6789	540-745-6626	2007	70
417	173267	Kamille	Glenn	30	573 Sport Avenu	Carrollton	TX	10573	(012) 345-6789	214-632-1679	2007	68
418	173277	Emily	Petersen	2	574 Sport Avenu	Montclair	NJ	10574	(012) 345-6789	973-746-5695	2007	67
419	173277	Najah	Whitehead	22	575 Sport Avenu	West Orange	NJ	10575	(012) 345-6789	973-978-3766	2007	66
420	173277	Anna	Meyers	20	576 Sport Avenu	West Milford	NJ	10576	(012) 345-6789	973-697-2613	2007	68
421	173281	Arrele	Keith	32	577 Sport Avenu	Charlotte	NC	10577	(012) 345-6789	704 287-6293	2007	66
422	173462	Rebecca	Garrison	20	578 Sport Avenu	Vinton	VA	10578	(012) 345-6789	540-977 1107	2007	66
423	173462	Jordan	Vincent	23	579 Sport Avenu	bridgewater	VA	10579	(012) 345-6789	540-828 0257	2007	70
424	173462	Christina	Shields	14	580 Sport Avenu	Luray	VA	10580	(012) 345-6789	540 742 1501	2007	68
425	173462	Lauren	Horn	52	581 Sport Avenu	Stuarts Draft	VA	10581	(012) 345-6789	540-294 8977	2007	71
426	173462	Kallie	Savage	4	582 Sport Avenu	Mt. Jackson	VA	10582	(012) 345-6789	540 477-3222	2007	70
427	173462	Natasha	Olsen	10	583 Sport Avenu	Timberville	VA	10583	(012) 345-6789	540-896 7405	2007	71
428	173462	Tara	Schroeder	12	584 Sport Avenu	Winchester	VA	10584	(012) 345-6789	540-722 4571	2007	69
429	173462	Taylor	Hartman	11	585 Sport Avenu	Berryville	VA	10585	(012) 345-6789	540- 955 1746	2007	70
430	173490	Holly	Woodard	3	586 Sport Avenu	Cincinnati	OH	10586	(012) 345-6789	513-385-0848	2007	70
431	173490	Diondra	Mueller	11	587 Sport Avenu	Cincinnati	OH	10587	(012) 345-6789	513-942-2769	2007	66
432	173490	Ashley	Kemp	14	588 Sport Avenu	Cincinnati	OH	10588	(012) 345-6789	513-751-9647	2007	67
433	173490	Abbie	Deleon	32	589 Sport Avenu	Cincinnati	OH	10589	(012) 345-6789	513-891-4347	2007	65
434	173490	Alyna	Booth	20	590 Sport Avenu	Cincinnati	OH	10590	(012) 345-6789	513-563-4177	2007	70
435	173565	Shannon	Patel	11	591 Sport Avenu	Cold Spring	KY	10591	(012) 345-6789	859-441-0790	2007	69
436	173565	Joana	Calhoun	22	592 Sport Avenu	Florence	KY	10592	(012) 345-6789	859.282.8390	2007	69
437	173565	Stephany	Wiley	32	593 Sport Avenu	Wyoming	OH	10593	(012) 345-6789	513-821-1594	2007	67
438	169715	Sherry	Eaton	24	594 Sport Avenu	Cypress	TX	10594	(012) 345-6789	281/463-8450	2007	63
439	169715	Carli	Cline	11	595 Sport Avenu	Cy-Press	TX	10595	(012) 345-6789	281/304-6177	2007	67
440	169715	Christina	Navarro	12	596 Sport Avenu	Friendswood	TX	10596	(012) 345-6789	281/996-1620	2007	66
441	169715	Kimberly	Harrell	20	597 Sport Avenu	Houston	TX	10597	(012) 345-6789	281-345-7022	2007	68
442	169715	Deltrice	Lester	41	598 Sport Avenu	Houston	TX	10598	(012) 345-6789	281/ 480-7987	2007	70
443	169715	Nicole	Humphrey	34	599 Sport Avenu	Houston	TX	10599	(012) 345-6789	281-469-2838	2007	68
444	169715	Christina	Parrish	14	600 Sport Avenu	Pearland	TX	10600	(012) 345-6789	281/692-9505	2007	66
445	169715	Alexandria	Duran	35	601 Sport Avenu	Friendswood	TX	10601	(012) 345-6789	281-482-7360	2007	71
446	169715	Jasmyne	Hutchinson	32	602 Sport Avenu	Friendswood	TX	10602	(012) 345-6789	281/992-5099	2007	67
447	169118	Keigan	Hess	22	603 Sport Avenu	Kentwood	MI	10603	(012) 345-6789	616-822-9539	2007	66
448	169118	Katherine	Dorsey	4	604 Sport Avenu	Rockford	MI	10604	(012) 345-6789	616-863-6418	2007	71
449	169242	Wendy	Bullock	5	605 Sport Avenu	Detroit	MI	10605	(012) 345-6789	313-416-2898	2007	64
450	169242	Korea	Robles	12	606 Sport Avenu	Clinton	MI	10606	(012) 345-6789	586-453-3158	2007	67
451	169242	Teaira	Beard	11	607 Sport Avenu	Detroit	MI	10607	(012) 345-6789	313-533-2584	2007	69
452	169242	Simone	Dalton	24	608 Sport Avenu	Flint	MI	10608	(012) 345-6789	810-252-9666	2007	71
453	169663	Michelle	Avila	20	609 Sport Avenu	Lincoln	NE	10609	(012) 345-6789	402-423-6312	2007	68
454	169663	Cara	Vance	22	610 Sport Avenu	Gretna	NE	10610	(012) 345-6789	402-894-9630	2007	70
455	169678	Siobhan	Rich	22	611 Sport Avenu	Barrington	IL	10611	(012) 345-6789	847-381-3413	2007	71
456	169678	Mary	Blackwell	10	612 Sport Avenu	Chicago	IL	10612	(012) 345-6789	773-625-2949	2007	67
457	169678	Sarah	York	34	613 Sport Avenu	Chicago	IL	10613	(012) 345-6789	773-646-2777	2007	69
458	169911	Sosha	Johns	2	614 Sport Avenu	Charlotte	NC	10614	(012) 345-6789	704-399-4300	2007	64
459	169911	Katy	Blankenship	4	615 Sport Avenu	Charlotte	NC	10615	(012) 345-6789	704-596-7984	2007	68
460	169911	Marissa	Trevino	3	616 Sport Avenu	Charlotte	NC	10616	(012) 345-6789	704-569-0665	2007	69
461	169911	X'auntasia	Salinas	15	617 Sport Avenu	Charlotte	NC	10617	(012) 345-6789	704-391-7725	2007	67
462	169911	Arnetta	Campos	14	618 Sport Avenu	Charlotte	NC	10618	(012) 345-6789	704-525-8296	2007	68
463	169911	Whitney	Pruitt	22	619 Sport Avenu	Gastonia	NC	10619	(012) 345-6789	704-824-0336	2007	65
464	169911	Jessica	Moses	12	620 Sport Avenu	Charlotte	NC	10620	(012) 345-6789	704-596-0481	2007	66
465	169988	Natasha	Callahan	3	621 Sport Avenu	Brooklyn	NY	10621	(012) 345-6789	(347) 578-7198	2007	66
466	169988	Te'ahnalin	Golden	8	622 Sport Avenu	San Diego	CA	10622	(012) 345-6789	(619) 203-7442	2007	68
467	169988	Ashley	Montoya	30	623 Sport Avenu	Lynchburg	VA	10623	(012) 345-6789	(434) 237-5115	2007	70
468	169988	Madison	Hardin	20	624 Sport Avenu	Las Cruces	NM	10624	(012) 345-6789	(505) 639-2046	2007	70
469	170122	Tasha	Guerra	21	625 Sport Avenu	Saginaw	MI	10625	(012) 345-6789	(989) 777-6275	2007	67
470	170122	Ladonna	Mcdowell	32	626 Sport Avenu	Saginaw	MI	10626	(012) 345-6789	(989) 233-2933	2007	69
471	170122	Jasmine	Carey	24	627 Sport Avenu	Saginaw	MI	10627	(012) 345-6789	(989) 752-7342	2007	70
472	170122	Tekela	Stafford	5	628 Sport Avenu	Flint	MI	10628	(012) 345-6789	(810) 223-7729	2007	65
473	170265	Jaclyn	Gallegos	11	629 Sport Avenu	Highlands Ranch	CO	10629	(012) 345-6789	303.250.6071	2007	69
474	170265	Leah	Henson	1	630 Sport Avenu	Denver	CO	10630	(012) 345-6789	303.918.9568	2007	64
475	170278	Nina	Wilkinson	32	631 Sport Avenu	Irvine	CA	10631	(012) 345-6789	949-706-3630	2007	71
476	170278	Dymond	Booker	5	632 Sport Avenu	Lynwood	CA	10632	(012) 345-6789	562-889-9780	2007	68
477	170416	Sydney	Merritt	50	633 Sport Avenu	Weidman	MI	10633	(012) 345-6789	989 644 5949	2007	70
478	170416	Jami	Miranda	1	634 Sport Avenu	Midland	MI	10634	(012) 345-6789	989 463 4645	2007	68
479	170418	Kathryn	Atkinson	20	635 Sport Avenu	Georgetown	TX	10635	(012) 345-6789	512.863.5399	2007	67
480	170418	Chelsea	Orr	24	636 Sport Avenu	San Antonio	TX	10636	(012) 345-6789	210.481.0806	2007	68
481	170418	Sarah	Decker	15	637 Sport Avenu	San Antonio	TX	10637	(012) 345-6789	210.333.6266	2007	65
482	170418	Melissa	Hobbs	25	638 Sport Avenu	Austin	TX	10638	(012) 345-6789	512.294.0004	2007	67
483	170418	Whitney	Preston	22	639 Sport Avenu	Stockdale	TX	10639	(012) 345-6789	830.996.3072	2007	71
484	170454	Jordan	Tanner	11	640 Sport Avenu	Lansing	MI	10640	(012) 345-6789	(517) 323-2537	2007	67
485	170463	Ariana	Knox	3	641 Sport Avenu	Cleveland	OH	10641	(012) 345-6789	216-526-2727	2007	69
486	170529	Madison	Pacheco	4	642 Sport Avenu	Ward	AR	10642	(012) 345-6789	501-941-2742	2007	67
487	170529	Antonia	Stephenson	11	643 Sport Avenu	Fort Smith	AR	10643	(012) 345-6789	479-461-7654	2007	68
488	170529	Sidney	Glass	12	644 Sport Avenu	Demascus	AR	10644	(012) 345-6789	501-730-5452	2007	70
489	170615	Dawn	Rojas	1	645 Sport Avenu	Brandywine	MD	10645	(012) 345-6789	301-371-0891	2007	62
490	170615	Miyana	Serrano	11	646 Sport Avenu	Alexandria	VA	10646	(012) 345-6789	703-549-7699	2007	70
491	170883	Janelle	Marks	25	647 Sport Avenu	Acworth	GA	10647	(012) 345-6789	770-966-0803	2007	68
492	170883	Charvez	Hickman	45	648 Sport Avenu	Decatur	GA	10648	(012) 345-6789	404-289-1312	2007	70
493	170883	Angelica	English	3	649 Sport Avenu	Decatur	GA	10649	(012) 345-6789	404-207-3457	2007	68
494	170883	Eboni	Sweeney	5	650 Sport Avenu	Lithonia	GA	10650	(012) 345-6789	770-484-8846	2007	68
495	170883	Aamira	Strong	24	651 Sport Avenu	Atlanta	GA	10651	(012) 345-6789	404-755-5233	2007	69
496	170883	Shaday	Prince	10	652 Sport Avenu	Decatur	GA	10652	(012) 345-6789	404-289-2449	2007	70
497	170930	Brenna	Mcclure	43	653 Sport Avenu	Frankfort	MI	10653	(012) 345-6789	231-651-9164	2007	71
498	170930	Chelsey	Conway	25	654 Sport Avenu	Flint	MI	10654	(012) 345-6789	810-789-4234	2007	67
499	170930	Tanika	Walter	23	655 Sport Avenu	Saginaw	MI	10655	(012) 345-6789	989-777-8588	2007	69
500	171313	Brittney	Roth	12	656 Sport Avenu	Inglewood	CA	10656	(012) 345-6789	323-756-5980	2007	68
501	171313	Natalie	Maynard	23	657 Sport Avenu	Beverly Hills	CA	10657	(012) 345-6789	310-858-1166	2007	71
502	171313	Jewell	Farrell	45	658 Sport Avenu	Los Angeles	CA	10658	(012) 345-6789	310-945-8594	2007	68
503	171313	Jenele	Lowery	22	659 Sport Avenu	Redondo Beach	CA	10659	(012) 345-6789	310-373-4022	2007	67
504	171313	Allie	Hurst	1	660 Sport Avenu	Santa Monica	CA	10660	(012) 345-6789	310-985-2554	2007	67
