169913	Baltimore Cougars	16	6EA	Baltimore	Black/Gold	N	Lisa	Smith	1 Sport Avenu	Baltimore	MD	10001	(012) 345-6789	(012) 345-6789	(012) 345-6789	Smith@gmail.com
169903	Connecticut Shamrocks	16	6EA	Windsor, CT	Black/white	N	Bill	Johnson	2 Sport Avenu	Windsor	CT	10002	(012) 345-6789	(012) 345-6789	(012) 345-6789	Johnson@gmail.com
172847	CyFair Shock 90	16	6EA	Houston	Red/White	Y	Cedrick	Williams	3 Sport Avenu	Cypress	TX	10003	(012) 345-6789	(012) 345-6789	(012) 345-6789	Williams@gmail.com
173055	Debo Supreme	16	6EA	Orlando	Black	Y	Dennis	Jones	4 Sport Avenu	Lake Mary	FL	10004	(012) 345-6789	(012) 345-6789	(012) 345-6789	Jones@gmail.com
173267	DFW Elite 817	16	6EA	Dallas	Black	N	Melodye	Brown	5 Sport Avenu	Garland	TX	10005	(012) 345-6789	(012) 345-6789	(012) 345-6789	Brown@gmail.com
172813	Georgia Hoopstars Royal	16	6EA	Decatur	Royal	Y	Jonathan	Davis	6 Sport Avenu	Decatur	GA	10006	(012) 345-6789	(012) 345-6789	(012) 345-6789	Davis@gmail.com
171100	Indianas Finest-Jr Select	16	6EA	Indianapolis	Black and White	N	Dawn	Miller	7 Sport Avenu	Indianapolis	IN	10007	(012) 345-6789	(012) 345-6789	(012) 345-6789	Miller@gmail.com
169462	Lone Wolf Athletics	16	6EA	Burlington	red	Y	Wayne	Wilson	8 Sport Avenu	Colchester	VT	10008	(012) 345-6789	(012) 345-6789	(012) 345-6789	Wilson@gmail.com
172362	Memphis Lady Elite	16	6EA	Memphis	black	Y	Andre	Moore	9 Sport Avenu	Memphis	TN	10009	(012) 345-6789	(012) 345-6789	(012) 345-6789	Moore@gmail.com
172470	Michigan Monarchs 16U	16	6EA	Southfield	Navy/White	N	David	Taylor	10 Sport Avenu	Southfield	MI	10010	(012) 345-6789	(012) 345-6789	(012) 345-6789	Taylor@gmail.com
172502	Minnesota Stars 16U Ron	16	6EA	Minnesota	Red and White	Y	Tim	Anderson	11 Sport Avenu	Fairmont	MN	10011	(012) 345-6789	(012) 345-6789	(012) 345-6789	Anderson@gmail.com
172707	Motor City Blazers 16R	16	6EA	Detroit	Black	Y	Patrick	Thomas	12 Sport Avenu	Livonia	MI	10012	(012) 345-6789	(012) 345-6789	(012) 345-6789	Thomas@gmail.com
172051	New Heights Exodus  Black	16	6EA	New York	Black	Y	Jessica	Jackson	13 Sport Avenu	Bronx	NY	10013	(012) 345-6789	(012) 345-6789	(012) 345-6789	Jackson@gmail.com
173277	New Jersey Elite	16	6EA	New Jersey	Navy/White	N	Marquis	White	14 Sport Avenu	Brooklyn	NY	10014	(012) 345-6789	(012) 345-6789	(012) 345-6789	White@gmail.com
171804	Rhode Island Breakers	16	6EA	Providence	Blue	Y	Bill	Harris	15 Sport Avenu	Somerset	MA	10015	(012) 345-6789	(012) 345-6789	(012) 345-6789	Harris@gmail.com
171958	Triad Comets	16	6EA	Greensboro, NC	Red	Y	Stanford	Martin	16 Sport Avenu	Thomasville	NC	10016	(012) 345-6789	(012) 345-6789	(012) 345-6789	Martin@gmail.com
172379	Cincinnati's Finest	15	6EB	Cincinnati	Black	N	Steven	Thompson	17 Sport Avenu	Cincinnati,	OH	10017	(012) 345-6789	(012) 345-6789	(012) 345-6789	Thompson@gmail.com
172762	CyFair Texan-Houstonians	16	6EB	Houston	Red/White	Y	Cedrick	Garcia	18 Sport Avenu	Cypress	TX	10018	(012) 345-6789	(012) 345-6789	(012) 345-6789	Garcia@gmail.com
171452	DBL Philadelphia Phoenix	16	6EB	Philadelphia	RED/Black	N	Michael	Martinez	19 Sport Avenu	Wyncote	PA	10019	(012) 345-6789	(012) 345-6789	(012) 345-6789	Martinez@gmail.com
173207	East Bay Xplosion Silver	16	6EB	Oakland, CA	Black	Y	Sarah	Robinson	20 Sport Avenu	Livermore	CA	10020	(012) 345-6789	(012) 345-6789	(012) 345-6789	Robinson@gmail.com
172739	FBC Black	16	6EB	Los Angeles	Blue	Y	Ray	Clark	21 Sport Avenu	Rancho Cucamonga	CA	10021	(012) 345-6789	(012) 345-6789	(012) 345-6789	Clark@gmail.com
173249	Full Package Silver	16	6EB	Lake Forest	Black/White	Y	Ralph	Rodriguez	22 Sport Avenu	Glenview	IL	10022	(012) 345-6789	(012) 345-6789	(012) 345-6789	Rodriguez@gmail.com
172480	Garner Flames Heat	16	6EB	Raleigh, NC	Black	N	Ernest	Lewis	23 Sport Avenu	Cary	NC	10023	(012) 345-6789	(012) 345-6789	(012) 345-6789	Lewis@gmail.com
172003	Kenner Angels	16	6EB	Kenner	RED	N	Alan	Lee	24 Sport Avenu	Metairie	LA	10024	(012) 345-6789	(012) 345-6789	(012) 345-6789	Lee@gmail.com
169490	Livingston Sting	16	6EB	Brighton	White/Purple	N	Jason	Walker	25 Sport Avenu	Howell	MI	10025	(012) 345-6789	(012) 345-6789	(012) 345-6789	Walker@gmail.com
170933	MI Belles 07-16 Halverson	16	6EB	Lansing, MI	purple/orange	Y	Jim	Hall	26 Sport Avenu	E. Lansing	MI	10026	(012) 345-6789	(012) 345-6789	(012) 345-6789	Hall@gmail.com
173537	Mid-South Lady Tigers	16	6EB		white/blue	Y	Patosha	Allen	27 Sport Avenu	Memphis	TN	10027	(012) 345-6789	(012) 345-6789	(012) 345-6789	Allen@gmail.com
170781	Motor City Suns	16	6EB	Farmington Hills	Purple	N	Paul	Young	28 Sport Avenu	Farmington Hills	MI	10028	(012) 345-6789	(012) 345-6789	(012) 345-6789	Young@gmail.com
172050	New Heights Exodus White	16	6EB	New York	Black	Y	Jessica	Hernandez	29 Sport Avenu	Bronx	NY	10029	(012) 345-6789	(012) 345-6789	(012) 345-6789	Hernandez@gmail.com
171183	South Florida Lady Canes	16	6EB	West Palm Beach	orange	N	Robin	King	30 Sport Avenu	West Palm Beach	FL	10030	(012) 345-6789	(012) 345-6789	(012) 345-6789	King@gmail.com
172930	Tennessee Lady COLTS	16	6EB	Nashville	Col. Blue	Y	Dyrena	Wright	31 Sport Avenu	Madison	TN	10031	(012) 345-6789	(012) 345-6789	(012) 345-6789	Wright@gmail.com
171466	W-S Stealers Black	16	6EB	Winston-Salem	Black	N	Brian	Lopez	32 Sport Avenu	Winston-Salem	NC	10032	(012) 345-6789	(012) 345-6789	(012) 345-6789	Lopez@gmail.com
171266	Wisconsin Playground	16	6EB	Milwaukee	Purple	Y	Jeffery	Hill	33 Sport Avenu	Milwaukee	WI	10033	(012) 345-6789	(012) 345-6789	(012) 345-6789	Hill@gmail.com
172903	Central Kentucky Mystics	15	6OA	Lexington	White/Blue	N	Bill	Scott	34 Sport Avenu	Lexington	KY	10034	(012) 345-6789	(012) 345-6789	(012) 345-6789	Scott@gmail.com
169900	Connecticut Shamrocks	15	6OA	Windsor, CT	Black/White	N	Lee Ann	Green	35 Sport Avenu	Windsor	CT	10035	(012) 345-6789	(012) 345-6789	(012) 345-6789	Green@gmail.com
172782	CyFair Houston Cobras 15u	15	6OA	Houston	Black	N	Cedrick	Adams	36 Sport Avenu	Cypress	TX	10036	(012) 345-6789	(012) 345-6789	(012) 345-6789	Adams@gmail.com
173232	Debo  Suncoast	16	6OA	St. pete	black	Y	Chuck	Baker	37 Sport Avenu	St petersburg	FL	10037	(012) 345-6789	(012) 345-6789	(012) 345-6789	Baker@gmail.com
169200	Garner Flames	15	6OA	Garner	Blue	Y	Lesley	Gonzalez	38 Sport Avenu	Raleigh	NC	10038	(012) 345-6789	(012) 345-6789	(012) 345-6789	Gonzalez@gmail.com
170884	Georgia Hoopstars White	15	6OA	Atlanta	white	Y	Jonathan	Nelson	39 Sport Avenu	Decatur	GA	10039	(012) 345-6789	(012) 345-6789	(012) 345-6789	Nelson@gmail.com
169671	Illinois Lady Lightning	15	6OA	Lombard	Navy/white	N	Mike	Carter	40 Sport Avenu	Warrenville	IL	10040	(012) 345-6789	(012) 345-6789	(012) 345-6789	Carter@gmail.com
173313	Indiana Elite 2	15	6OA	Indianapolis	Green	Y	James	Mitchell	41 Sport Avenu	Indianapolis	IN	10041	(012) 345-6789	(012) 345-6789	(012) 345-6789	Mitchell@gmail.com
169822	Livingston Sting 15U	15	6OA	Grand Blanc, MI	purple	Y	Debra	Perez	42 Sport Avenu	Grand Blanc	MI	10042	(012) 345-6789	(012) 345-6789	(012) 345-6789	Perez@gmail.com
172074	Michigan Monarchs 15U	15	6OA	Southfield, Michigan	blue/white	Y	Velva	Roberts	43 Sport Avenu	Bloomfield Hills	MI	10043	(012) 345-6789	(012) 345-6789	(012) 345-6789	Roberts@gmail.com
172906	Michigan Roadrunners	15	6OA	Lansing	Black	Y	Peter	Turner	44 Sport Avenu	Haslett	MI	10044	(012) 345-6789	(012) 345-6789	(012) 345-6789	Turner@gmail.com
172501	Minnesota Stars 15U Antl	15	6OA	Minnesota	Red and White	Y	Tim	Phillips	45 Sport Avenu	Fairmont	MN	10045	(012) 345-6789	(012) 345-6789	(012) 345-6789	Phillips@gmail.com
172611	South Carolina Stars	15	6OA	Columbia	Blue	N	Cynthia	Campbell	46 Sport Avenu	Irmo	SC	10046	(012) 345-6789	(012) 345-6789	(012) 345-6789	Campbell@gmail.com
169160	Texas Thunder '92 Gold	15	6OA	Dallas	Gold	N	Riley	Parker	47 Sport Avenu	Dallas	TX	10047	(012) 345-6789	(012) 345-6789	(012) 345-6789	Parker@gmail.com
173391	Warriors of Fayetteville	16	6OA	Fayetteville	Black	N	Michel	Evans	48 Sport Avenu	Fayetteville	NC	10048	(012) 345-6789	(012) 345-6789	(012) 345-6789	Evans@gmail.com
172755	Wizards	16	6OA	Sterling Heights	Teal	Y	Matthew	Edwards	49 Sport Avenu	Sterling Heights	MI	10049	(012) 345-6789	(012) 345-6789	(012) 345-6789	Edwards@gmail.com
170583	Chicago Hoops Express II	15	6OB	Chicago	Navy/White	Y	Jerald	Collins	50 Sport Avenu	Chicago	IL	10050	(012) 345-6789	(012) 345-6789	(012) 345-6789	Collins@gmail.com
172310	Dayton Lady Hoopstars	15	6OB	Dayton, OH	White/ Black	Y	Rob	Stewart	51 Sport Avenu	Dayton	OH	10051	(012) 345-6789	(012) 345-6789	(012) 345-6789	Stewart@gmail.com
173233	DEBO Evolution	15	6OB	Orlando,fl	black	Y	Dennis	Sanchez	52 Sport Avenu	Lake Mary	FL	10052	(012) 345-6789	(012) 345-6789	(012) 345-6789	Sanchez@gmail.com
173269	DFW Elite 972	15	6OB	Dallas	Black	N	Melodye	Morris	53 Sport Avenu	Garland	TX	10053	(012) 345-6789	(012) 345-6789	(012) 345-6789	Morris@gmail.com
172752	FBC Georgia	15	6OB	Atlanta	Blue	Y	Ray	Rogers	54 Sport Avenu	Rancho Cucamonga	CA	10054	(012) 345-6789	(012) 345-6789	(012) 345-6789	Rogers@gmail.com
170944	MI Belles 08	15	6OB	Lansing, MI	purple/orange	N	Joe	Reed	55 Sport Avenu	Saginaw	MI	10055	(012) 345-6789	(012) 345-6789	(012) 345-6789	Reed@gmail.com
171496	Michigan Heat	15	6OB	Southfield	Red	Y	Nicole	Cook	56 Sport Avenu	West Bloomfield	MI	10056	(012) 345-6789	(012) 345-6789	(012) 345-6789	Cook@gmail.com
169953	Michigan Triple Threat	15	6OB	Detroit	blue/white	N	Robert	Morgan	57 Sport Avenu	Farmington Hills	MI	10057	(012) 345-6789	(012) 345-6789	(012) 345-6789	Morgan@gmail.com
172648	Minnesota's Total Package	15	6OB	St. Paul/Minneapolis	White/Columbian	N	Kevin	Bell	58 Sport Avenu	St. Paul	MN	10058	(012) 345-6789	(012) 345-6789	(012) 345-6789	Bell@gmail.com
169241	Motor City Suns 15u Riley	15	6OB	Detroit	White	Y	Willie	Murphy	59 Sport Avenu	Detroit	MI	10059	(012) 345-6789	(012) 345-6789	(012) 345-6789	Murphy@gmail.com
169688	NE Judds CSS	15	6OB	Lincoln	Red	Y	Dan	Bailey	60 Sport Avenu	Lincoln	NE	10060	(012) 345-6789	(012) 345-6789	(012) 345-6789	Bailey@gmail.com
172615	Team adidas Lady Bobcats	15	6OB	Memphis	NAvy	N	Roderick	Rivera	61 Sport Avenu	Memphis	TN	10061	(012) 345-6789	(012) 345-6789	(012) 345-6789	Rivera@gmail.com
170468	Team Michigan	15	6OB	Pontiac MI	Navy	N	Kevin	Cooper	62 Sport Avenu	Pontiac	MI	10062	(012) 345-6789	(012) 345-6789	(012) 345-6789	Cooper@gmail.com
172255	Tri-state elite Blue	15	6OB	Pittsburgh	white	N	Ken	Richardson	63 Sport Avenu	Pittsburgh	PA	10063	(012) 345-6789	(012) 345-6789	(012) 345-6789	Richardson@gmail.com
172616	TX MP Elite	15	6OB	Austin	Black	N	Herb	Cox	64 Sport Avenu	Elgin	TX	10064	(012) 345-6789	(012) 345-6789	(012) 345-6789	Cox@gmail.com
173060	W-S Stealers White	15	6OB	Winston-Salem	Black	N	Brian	Howard	65 Sport Avenu	Winston-Salem	NC	10065	(012) 345-6789	(012) 345-6789	(012) 345-6789	Howard@gmail.com
173076	Cardinal	16	6SA	Alexandria	Red	Y	Jessica	Ward	66 Sport Avenu	Alexandria	VA	10066	(012) 345-6789	(012) 345-6789	(012) 345-6789	Ward@gmail.com
173281	Charlotte Lady Star Elite	16	6SA	Charlotte	Rer,White,Blue	N	Andre	Torres	67 Sport Avenu	Charlotte	NC	10067	(012) 345-6789	(012) 345-6789	(012) 345-6789	Torres@gmail.com
173069	Cincy Legend	16	6SA	Cincinnati	maroon	N	Sue	Peterson	68 Sport Avenu	Cincinnati	OH	10068	(012) 345-6789	(012) 345-6789	(012) 345-6789	Peterson@gmail.com
172881	Connecticut Breeze	16	6SA	Fairfield	black	N	David	Gray	69 Sport Avenu	Fairfield	CT	10069	(012) 345-6789	(012) 345-6789	(012) 345-6789	Gray@gmail.com
172766	CyFair Houston Cobras	16	6SA	Houston	Black	N	Cedrick	Ramirez	70 Sport Avenu	Cypress	TX	10070	(012) 345-6789	(012) 345-6789	(012) 345-6789	Ramirez@gmail.com
172605	Georgia Hotshots-Red	16	6SA	Woodstock	Red	N	Art	James	71 Sport Avenu	Canton	GA	10071	(012) 345-6789	(012) 345-6789	(012) 345-6789	James@gmail.com
171247	Lacks West Michigan	16	6SA	Grand Rapids	Black	Y	Dee	Watson	72 Sport Avenu	Lowell	MI	10072	(012) 345-6789	(012) 345-6789	(012) 345-6789	Watson@gmail.com
172174	Maryland Magic	16	6SA	Baltimore	Grey	N	Charisse	Brooks	73 Sport Avenu	Ellicott City	MD	10073	(012) 345-6789	(012) 345-6789	(012) 345-6789	Brooks@gmail.com
170114	Memphis Panthers	16	6SA	MEMPHIS	RED/WHITE	Y	Larry	Kelly	74 Sport Avenu	Arlington	TN	10074	(012) 345-6789	(012) 345-6789	(012) 345-6789	Kelly@gmail.com
169452	New Life Hawks	16	6SA	Augusta	Navy	N	Dion	Sanders	75 Sport Avenu	Augusta	AR	10075	(012) 345-6789	(012) 345-6789	(012) 345-6789	Sanders@gmail.com
173490	OH Hardwood Heat U16	16	6SA	Cincinnati	Gold	N	Arthur	Price	76 Sport Avenu	Cincinnati	OH	10076	(012) 345-6789	(012) 345-6789	(012) 345-6789	Price@gmail.com
171976	Ohio Valley Storm	16	6SA	Southern Indiana	Maroon	N	Les	Bennett	77 Sport Avenu	Corydon	IN	10077	(012) 345-6789	(012) 345-6789	(012) 345-6789	Bennett@gmail.com
173565	Queen City Crossover	16	6SA	Cincinnati	Gold or Black	N	Kelly	Wood	78 Sport Avenu	Cincinnati	OH	10078	(012) 345-6789	(012) 345-6789	(012) 345-6789	Wood@gmail.com
173240	Roanoke Stars	16	6SA	Roanoke	Red	N	Edward	Barnes	79 Sport Avenu	Wirtz	VA	10079	(012) 345-6789	(012) 345-6789	(012) 345-6789	Barnes@gmail.com
171732	Surry Storm	16	6SA	Mount Airy	Black	Y	Gerald	Ross	80 Sport Avenu	Mount Airy	NC	10080	(012) 345-6789	(012) 345-6789	(012) 345-6789	Ross@gmail.com
171883	TriCity Heat	16	6SA	Raleigh	Black	N	Sharon	Henderson	81 Sport Avenu	Garner	NC	10081	(012) 345-6789	(012) 345-6789	(012) 345-6789	Henderson@gmail.com
169115	Arizona Sting	16	6SB	Chandler	Black/White	N	Lawrence	Coleman	82 Sport Avenu	Chandler	AZ	10082	(012) 345-6789	(012) 345-6789	(012) 345-6789	Coleman@gmail.com
171782	Carolina Express	16	6SB	Hickory, NC	Red	Y	Cindy	Jenkins	83 Sport Avenu	Hickory	NC	10083	(012) 345-6789	(012) 345-6789	(012) 345-6789	Jenkins@gmail.com
169715	Cy-Fair Elite	16	6SB	Houston	Blue	N	Lola	Perry	84 Sport Avenu	Katy	TX	10084	(012) 345-6789	(012) 345-6789	(012) 345-6789	Perry@gmail.com
172748	FBC Georgia	16	6SB	Atlanta	Blue	Y	Ray	Powell	85 Sport Avenu	Rancho Cucamonga	CA	10085	(012) 345-6789	(012) 345-6789	(012) 345-6789	Powell@gmail.com
171756	IN Finest-Soph Select	16	6SB	Indianapolis	Black and White	N	Theresa	Long	86 Sport Avenu	Lebanon	IN	10086	(012) 345-6789	(012) 345-6789	(012) 345-6789	Long@gmail.com
173028	Kimbrough's Ballers	16	6SB	Cincinnati	Black	N	Stan	Patterson	87 Sport Avenu	Cincinnati	OH	10087	(012) 345-6789	(012) 345-6789	(012) 345-6789	Patterson@gmail.com
170161	Lady Rebels	16	6SB	North Little Rock	blk and c.blue	N	Kim	Hughes	88 Sport Avenu	North Little Rock	AR	10088	(012) 345-6789	(012) 345-6789	(012) 345-6789	Hughes@gmail.com
171653	New Jersey Crusaders	16	6SB	Elmwood Park	Black/Red	N	Luis	Flores	89 Sport Avenu	Elmwwod Park	NJ	10089	(012) 345-6789	(012) 345-6789	(012) 345-6789	Flores@gmail.com
173222	No Limit Exodus	16	6SB	Brooklyn	SKY BLUE	Y	Munch	Washington	90 Sport Avenu	Brooklyn	NY	10090	(012) 345-6789	(012) 345-6789	(012) 345-6789	Washington@gmail.com
169951	Pistons	16	6SB	Detroit	White	N	Lou	Butler	91 Sport Avenu	Clarkston	MI	10091	(012) 345-6789	(012) 345-6789	(012) 345-6789	Butler@gmail.com
172308	Royals	16	6SB	Cincinnati	white	Y	Greg	Simmons	92 Sport Avenu	Cincinnati	OH	10092	(012) 345-6789	(012) 345-6789	(012) 345-6789	Simmons@gmail.com
169631	South Carolina Crush	16	6SB	Columbia	Orange	N	Stephanie	Foster	93 Sport Avenu	Irmo	SC	10093	(012) 345-6789	(012) 345-6789	(012) 345-6789	Foster@gmail.com
172771	Tennessee Xtreme	16	6SB	Chattanooga	White	Y	Michelle	Gonzales	94 Sport Avenu	Chattanooga	TN	10094	(012) 345-6789	(012) 345-6789	(012) 345-6789	Gonzales@gmail.com
173462	The Heat	16	6SB	Harrisonburg, Virginia	black/white	Y	William	Bryant	95 Sport Avenu	Harrisonburg	VA	10095	(012) 345-6789	(012) 345-6789	(012) 345-6789	Bryant@gmail.com
169435	Tri-State Elite Gold	16	6SB	Pittsburgh	white	Y	Ken	Alexander	96 Sport Avenu	Pittsburgh	PA	10096	(012) 345-6789	(012) 345-6789	(012) 345-6789	Alexander@gmail.com
172590	V  Speed	16	6SB	Columbus	Black/White	Y	Rob	Russell	97 Sport Avenu	Pickerington	OH	10097	(012) 345-6789	(012) 345-6789	(012) 345-6789	Russell@gmail.com
173227	Austin Elite	17	7OA	Pflugerville	Black	N	Fonzell	Griffin	98 Sport Avenu	Pflugerville	TX	10098	(012) 345-6789	(012) 345-6789	(012) 345-6789	Griffin@gmail.com
170278	Cal Sparks Gold	17	7OA	Lakewood, CA	Blue	Y	Elbert	Diaz	99 Sport Avenu	Lakewood	CA	10099	(012) 345-6789	(012) 345-6789	(012) 345-6789	Diaz@gmail.com
172961	Crusaders	17	7OA	Omaha	Blue	Y	Doug	Hayes	100 Sport Avenu	Bellevue,	NE	10100	(012) 345-6789	(012) 345-6789	(012) 345-6789	Hayes@gmail.com
172537	DLHoopstarsU16Black	17	7OA	Dayton	Black	N	Jerry	Myers	101 Sport Avenu	Beavercreek	OH	10101	(012) 345-6789	(012) 345-6789	(012) 345-6789	Myers@gmail.com
173206	East Bay Xplosion Gold	17	7OA	Oakland, CA	WHITE	Y	Sarah	Ford	102 Sport Avenu	Livermore	CA	10102	(012) 345-6789	(012) 345-6789	(012) 345-6789	Ford@gmail.com
172737	FBC White	17	7OA	Los Angeles	Blue	Y	Ray	Hamilton	103 Sport Avenu	Rancho Cucamonga	CA	10103	(012) 345-6789	(012) 345-6789	(012) 345-6789	Hamilton@gmail.com
172957	Game-Time Aces	17	7OA	Fairfax	Navy	Y	Katie	Graham	104 Sport Avenu	Herndon	VA	10104	(012) 345-6789	(012) 345-6789	(012) 345-6789	Graham@gmail.com
172490	Heat Elite	17	7OA	Albuquerque	black	N	Robert	Sullivan	105 Sport Avenu	Albuquerque	NM	10105	(012) 345-6789	(012) 345-6789	(012) 345-6789	Sullivan@gmail.com
169678	Illinois Lady Lightning	17	7OA	Lombard	Navy/white	N	Mike	Wallace	106 Sport Avenu	Geneva	IL	10106	(012) 345-6789	(012) 345-6789	(012) 345-6789	Wallace@gmail.com
171925	Indiana Force	17	7OA	Richmond, IN	Navy/White	Y	Glenn	Woods	107 Sport Avenu	Richmond	IN	10107	(012) 345-6789	(012) 345-6789	(012) 345-6789	Woods@gmail.com
170930	MI Belles 07 Halverson	17	7OA	Lansing, MI	purple/orange	Y	Jim	Cole	108 Sport Avenu	E. Lansing	MI	10108	(012) 345-6789	(012) 345-6789	(012) 345-6789	Cole@gmail.com
173035	Srap	17	7OA	syracuse rochester	black	Y	David	West	109 Sport Avenu	Manlius	NY	10109	(012) 345-6789	(012) 345-6789	(012) 345-6789	West@gmail.com
170418	TeamXpress	17	7OA	San Antonio	Royal Blue	N	Clarissa	Jordan	110 Sport Avenu	San Antonio	TX	10110	(012) 345-6789	(012) 345-6789	(012) 345-6789	Jordan@gmail.com
169118	West Michigan Warriors	17	7OA	Grand Rapids	Carolina Blue	N	Troy	Owens	111 Sport Avenu	Hudsonville	MI	10111	(012) 345-6789	(012) 345-6789	(012) 345-6789	Owens@gmail.com
169279	Windsor Valiants	17	7OA	Windsor	Black	Y	Paul	Reynolds	112 Sport Avenu	Windsor	ON	10112	(012) 345-6789	(012) 345-6789	(012) 345-6789	Reynolds@gmail.com
172213	Wisconsin Playground	17	7OA	Milwaukee	purple	Y	Jeffery	Fisher	113 Sport Avenu	Milwaukee	WI	10113	(012) 345-6789	(012) 345-6789	(012) 345-6789	Fisher@gmail.com
172801	Cardinals	17	7OB	Alexandria, Va	red	N	Jj	Ellis	114 Sport Avenu	Alexandria	VA	10114	(012) 345-6789	(012) 345-6789	(012) 345-6789	Ellis@gmail.com
169168	Clutch Players	17	7OB	Portland	Black	Y	Jason	Harrison	115 Sport Avenu	Beaverton	OR	10115	(012) 345-6789	(012) 345-6789	(012) 345-6789	Harrison@gmail.com
172199	DFW Elite 214	17	7OB	Dallas	Black	N	Kevin	Gibson	116 Sport Avenu	Dallas	TX	10116	(012) 345-6789	(012) 345-6789	(012) 345-6789	Gibson@gmail.com
170615	Elite Ballers	17	7OB	Alexandria	black/silver	Y	Joe	Mcdonald	117 Sport Avenu	Upper Marlboro	MD	10117	(012) 345-6789	(012) 345-6789	(012) 345-6789	Mcdonald@gmail.com
170454	Flint's Finest	17	7OB	Flint	black	Y	Gerald	Cruz	118 Sport Avenu	Flint	MI	10118	(012) 345-6789	(012) 345-6789	(012) 345-6789	Cruz@gmail.com
172054	Got Game	17	7OB	Los Angeles	black	Y	Sherrise	Marshall	119 Sport Avenu	Venice	CA	10119	(012) 345-6789	(012) 345-6789	(012) 345-6789	Marshall@gmail.com
171313	Hoop4Life	17	7OB	Los Angeles	baby blue/white	Y	Matthew	Ortiz	120 Sport Avenu	Playa Del Rey	CA	10120	(012) 345-6789	(012) 345-6789	(012) 345-6789	Ortiz@gmail.com
173326	Indiana Elite 3	17	7OB	Indianapolis	Orange	N	James	Gomez	121 Sport Avenu	Indianapolis	IN	10121	(012) 345-6789	(012) 345-6789	(012) 345-6789	Gomez@gmail.com
170122	Mo' Pete's Ballerz	17	7OB	Flint	Black	Y	LaCresia	Murray	122 Sport Avenu	Flint	MI	10122	(012) 345-6789	(012) 345-6789	(012) 345-6789	Murray@gmail.com
174112	North Texas Shockers	17	7OB	Dallas	Silver/Black	N	Betty	Freeman	123 Sport Avenu	Coppell	TX	10123	(012) 345-6789	(012) 345-6789	(012) 345-6789	Freeman@gmail.com
171975	Paye's North Coast Expres	17	7OB	San Carlos	Cardinal	Y	John	Wells	124 Sport Avenu	San Carlos	CA	10124	(012) 345-6789	(012) 345-6789	(012) 345-6789	Wells@gmail.com
173253	Soaring Eagle	17	7OB	Chatsworth	Red	Y	George	Webb	125 Sport Avenu	Chatsworth	CA	10125	(012) 345-6789	(012) 345-6789	(012) 345-6789	Webb@gmail.com
173441	Team California BLUE	17	7OB	Huntington Beach	Blue	Y	Eric	Simpson	126 Sport Avenu	Huntington Beach	CA	10126	(012) 345-6789	(012) 345-6789	(012) 345-6789	Simpson@gmail.com
172326	Texas Hooping Angels	17	7OB	Houston	Black/Silver	N	Huey	Stevens	127 Sport Avenu	Baytown	TX	10127	(012) 345-6789	(012) 345-6789	(012) 345-6789	Stevens@gmail.com
173448	TG high school	17	7OB	Dallas	Black/Purple	Y	Kelley	Tucker	128 Sport Avenu	Carrollton	TX	10128	(012) 345-6789	(012) 345-6789	(012) 345-6789	Tucker@gmail.com
172706	The Future	17	7OB	Zion	Light blue	Y	Mike	Porter	129 Sport Avenu	Zion	IL	10129	(012) 345-6789	(012) 345-6789	(012) 345-6789	Porter@gmail.com
173547	All Iowa Attack	17	7SA	Ames	Black	Y	Dickson	Hunter	130 Sport Avenu	Ames	IA	10130	(012) 345-6789	(012) 345-6789	(012) 345-6789	Hunter@gmail.com
170529	Arkansas Belles	17	7SA	Little Rock	Red	N	Greg	Hicks	131 Sport Avenu	Little Rock	AR	10131	(012) 345-6789	(012) 345-6789	(012) 345-6789	Hicks@gmail.com
169912	Carolina Classics	16	7SA	Charlotte	Car blu/dar blu	Y	Valerie	Crawford	132 Sport Avenu	Charlotte	NC	10132	(012) 345-6789	(012) 345-6789	(012) 345-6789	Crawford@gmail.com
170521	Chicago Hoops Express I	16	7SA	Chicago	Navy/White	Y	Jerald	Henry	133 Sport Avenu	Chicago	IL	10133	(012) 345-6789	(012) 345-6789	(012) 345-6789	Henry@gmail.com
173236	DFW Elite - Gold	17	7SA	Dallas	Black	N	Kevin	Boyd	134 Sport Avenu	Dallas	TX	10134	(012) 345-6789	(012) 345-6789	(012) 345-6789	Boyd@gmail.com
169988	Ebo	17	7SA	San Diego	RED	Y	Marlon	Mason	135 Sport Avenu	San Diego	CA	10135	(012) 345-6789	(012) 345-6789	(012) 345-6789	Mason@gmail.com
172747	FBC Georgia	17	7SA	Atlanta	Blue	Y	Ray	Morales	136 Sport Avenu	Rancho Cucamonga	CA	10136	(012) 345-6789	(012) 345-6789	(012) 345-6789	Morales@gmail.com
173248	Full Package Black	17	7SA	Lake Forest	Black/White	Y	Ralph	Kennedy	137 Sport Avenu	Glenview	IL	10137	(012) 345-6789	(012) 345-6789	(012) 345-6789	Kennedy@gmail.com
172357	Houston Elite	17	7SA	Houston	Navy	N	Howard	Warren	138 Sport Avenu	Houston	TX	10138	(012) 345-6789	(012) 345-6789	(012) 345-6789	Warren@gmail.com
170720	Iowa Elite	17	7SA	DesMoines	Navy	N	Dave	Dixon	139 Sport Avenu	Vinton	IA	10139	(012) 345-6789	(012) 345-6789	(012) 345-6789	Dixon@gmail.com
170416	Livingston Sting	17	7SA	Brighton, MI	Purple/White	Y	Andy	Ramos	140 Sport Avenu	Brighton	MI	10140	(012) 345-6789	(012) 345-6789	(012) 345-6789	Ramos@gmail.com
172869	Montgomery Heat	17	7SA	Montgomery	Royal	Y	Michael	Reyes	141 Sport Avenu	Montgomery	AL	10141	(012) 345-6789	(012) 345-6789	(012) 345-6789	Reyes@gmail.com
170463	Ohio Legends	17	7SA	Columbus, Ohio	Blue-White	Y	Marwan	Burns	142 Sport Avenu	Columbus	OH	10142	(012) 345-6789	(012) 345-6789	(012) 345-6789	Burns@gmail.com
169911	Queen City Dynasty	17	7SA	Charlotte, NC	Burgundy	Y	Tammy	Gordon	143 Sport Avenu	Charlotte	NC	10143	(012) 345-6789	(012) 345-6789	(012) 345-6789	Gordon@gmail.com
173057	Team Texas 88 - Gathright	17	7SA	Dallas - Fort Worth	Blue - Red	Y	Fred	Shaw	144 Sport Avenu	Highland Village	TX	10144	(012) 345-6789	(012) 345-6789	(012) 345-6789	Shaw@gmail.com
169834	Waves	17	7SA	La Jolla	Blue/White	Y	Terri	Holmes	145 Sport Avenu	San Diego	CA	10145	(012) 345-6789	(012) 345-6789	(012) 345-6789	Holmes@gmail.com
172894	Baden Elite	17	7SB	Seattle	Light Blue	N	Buck	Rice	146 Sport Avenu	Seattle,	WA	10146	(012) 345-6789	(012) 345-6789	(012) 345-6789	Rice@gmail.com
172826	Blue Chip All-Stars	17	7SB	Louisville	Blue	Y	Jim	Robertson	147 Sport Avenu	Louisville	KY	10147	(012) 345-6789	(012) 345-6789	(012) 345-6789	Robertson@gmail.com
170265	Boulder Rockies	17	7SB	Denver	Blue	Y	Kim	Hunt	148 Sport Avenu	Boulder	CO	10148	(012) 345-6789	(012) 345-6789	(012) 345-6789	Hunt@gmail.com
173234	Debo elite	17	7SB	Orlando,fl	black	Y	Gina	Black	149 Sport Avenu	Lake Mary	FL	10149	(012) 345-6789	(012) 345-6789	(012) 345-6789	Black@gmail.com
173203	East Bay Xplosion Black	17	7SB	Oakland, CA	BLACK	Y	Sarah	Daniels	150 Sport Avenu	Livermore	CA	10150	(012) 345-6789	(012) 345-6789	(012) 345-6789	Daniels@gmail.com
172528	Exodus BABC	17	7SB	All over- Boston, NYC, T.	n/a	N	John	Palmer	151 Sport Avenu	Fitchburg	MA	10151	(012) 345-6789	(012) 345-6789	(012) 345-6789	Palmer@gmail.com
172731	FBC Blue	17	7SB	Los Angeles	Blue	Y	Ray	Mills	152 Sport Avenu	Rancho Cuamonga	CA	10152	(012) 345-6789	(012) 345-6789	(012) 345-6789	Mills@gmail.com
170883	Georgia Hoopstars Black	17	7SB	Atlanta	Black	Y	Jonathan	Nichols	153 Sport Avenu	Decatur	GA	10153	(012) 345-6789	(012) 345-6789	(012) 345-6789	Nichols@gmail.com
172503	Minnesota Stars 17U Tim	17	7SB	Minnesota	Red and White	Y	Tim	Grant	154 Sport Avenu	Fairmont	MN	10154	(012) 345-6789	(012) 345-6789	(012) 345-6789	Grant@gmail.com
169242	Motor City Suns	17	7SB	Detroit	White	Y	Willie	Knight	155 Sport Avenu	Detriot	MI	10155	(012) 345-6789	(012) 345-6789	(012) 345-6789	Knight@gmail.com
169663	NE Bison CSS	17	7SB	Lincoln, NE	Red	Y	Dan	Ferguson	156 Sport Avenu	Lincoln	NE	10156	(012) 345-6789	(012) 345-6789	(012) 345-6789	Ferguson@gmail.com
172049	New Heights Exodus NYC	17	7SB	New York	Black	Y	Jessica	Rose	157 Sport Avenu	Bronx	NY	10157	(012) 345-6789	(012) 345-6789	(012) 345-6789	Rose@gmail.com
171638	Rock Solid	17	7SB	Slippery Rock,Pa.	Blue	Y	Robert	Stone	158 Sport Avenu	Slippery Rock	PA	10158	(012) 345-6789	(012) 345-6789	(012) 345-6789	Stone@gmail.com
172366	Team Excel Select	17	7SB	Lanham	Navy Blue	Y	Diane	Hawkins	159 Sport Avenu	Lanham	MD	10159	(012) 345-6789	(012) 345-6789	(012) 345-6789	Hawkins@gmail.com
171944	Team Unique I	17	7SB	Washington, D.C.	black	Y	James	Dunn	160 Sport Avenu	Washington	DC	10160	(012) 345-6789	(012) 345-6789	(012) 345-6789	Dunn@gmail.com
171833	Unique All-Stars-NYC Heat	17	7SB	Long Island, NY	White	N	Torrel	Perkins	161 Sport Avenu	Uniondale	NY	10161	(012) 345-6789	(012) 345-6789	(012) 345-6789	Perkins@gmail.com
